{
  "C:/Users/gabod/OneDrive/Desktop/LanGo_web/LanGo/src/hooks/useModal.jsx": {
    "path": "C:/Users/gabod/OneDrive/Desktop/LanGo_web/LanGo/src/hooks/useModal.jsx",
    "statementMap": {
      "0": {
        "start": {
          "line": 1,
          "column": 9
        },
        "end": {
          "line": 1,
          "column": 23
        }
      },
      "1": {
        "start": {
          "line": 4,
          "column": 24
        },
        "end": {
          "line": 11,
          "column": 1
        }
      },
      "2": {
        "start": {
          "line": 5,
          "column": 2
        },
        "end": {
          "line": 5,
          "column": 7
        }
      },
      "3": {
        "start": {
          "line": 6,
          "column": 18
        },
        "end": {
          "line": 6,
          "column": 42
        }
      },
      "4": {
        "start": {
          "line": 7,
          "column": 2
        },
        "end": {
          "line": 9,
          "column": 3
        }
      },
      "5": {
        "start": {
          "line": 8,
          "column": 4
        },
        "end": {
          "line": 8,
          "column": 68
        }
      },
      "6": {
        "start": {
          "line": 10,
          "column": 2
        },
        "end": {
          "line": 10,
          "column": 17
        }
      },
      "7": {
        "start": {
          "line": 12,
          "column": 0
        },
        "end": {
          "line": 12,
          "column": 45
        }
      }
    },
    "fnMap": {
      "0": {
        "name": "(anonymous_0)",
        "decl": {
          "start": {
            "line": 4,
            "column": 24
          },
          "end": {
            "line": 4,
            "column": 25
          }
        },
        "loc": {
          "start": {
            "line": 4,
            "column": 30
          },
          "end": {
            "line": 11,
            "column": 1
          }
        },
        "line": 4
      }
    },
    "branchMap": {
      "0": {
        "loc": {
          "start": {
            "line": 7,
            "column": 2
          },
          "end": {
            "line": 9,
            "column": 3
          }
        },
        "type": "if",
        "locations": [
          {
            "start": {
              "line": 7,
              "column": 2
            },
            "end": {
              "line": 9,
              "column": 3
            }
          },
          {
            "start": {},
            "end": {}
          }
        ],
        "line": 7
      }
    },
    "s": {
      "0": 9,
      "1": 9,
      "2": 14,
      "3": 14,
      "4": 14,
      "5": 0,
      "6": 14,
      "7": 9
    },
    "f": {
      "0": 14
    },
    "b": {
      "0": [
        0,
        14
      ]
    },
    "inputSourceMap": {
      "version": 3,
      "mappings": ";AAAA,SAASA,kBAAkB;AAC3B,SAASC,oBAAoB;AAEtB,aAAMC,WAAWA,MAAM;AAAAC,KAAA;AAC5B,QAAMC,UAAUJ,WAAWC,YAAY;AAEvC,MAAI,CAACG,SAAS;AACZ,UAAM,IAAIC,MAAM,8CAA8C;AAAA,EAChE;AAEA,SAAOD;AACT;AAAED,GARWD,UAAQ",
      "names": [
        "useContext",
        "ModalContext",
        "useModal",
        "_s",
        "context",
        "Error"
      ],
      "ignoreList": [],
      "sources": [
        "C:/Users/gabod/OneDrive/Desktop/LanGo_web/LanGo/src/hooks/useModal.jsx"
      ],
      "file": "C:/Users/gabod/OneDrive/Desktop/LanGo_web/LanGo/src/hooks/useModal.jsx"
    },
    "_coverageSchema": "1a1c01bbd47fc00a2c39e90264f33305004495a9",
    "hash": "2f0b5975150c89bf3e74d15c87bcd0cf56684e55"
  },
  "C:/Users/gabod/OneDrive/Desktop/LanGo_web/LanGo/src/components/common/CloseButton.jsx": {
    "path": "C:/Users/gabod/OneDrive/Desktop/LanGo_web/LanGo/src/components/common/CloseButton.jsx",
    "statementMap": {
      "0": {
        "start": {
          "line": 4,
          "column": 27
        },
        "end": {
          "line": 22,
          "column": 1
        }
      },
      "1": {
        "start": {
          "line": 5,
          "column": 2
        },
        "end": {
          "line": 21,
          "column": 4
        }
      },
      "2": {
        "start": {
          "line": 23,
          "column": 0
        },
        "end": {
          "line": 23,
          "column": 17
        }
      },
      "3": {
        "start": {
          "line": 25,
          "column": 0
        },
        "end": {
          "line": 25,
          "column": 32
        }
      },
      "4": {
        "start": {
          "line": 27,
          "column": 20
        },
        "end": {
          "line": 27,
          "column": 97
        }
      },
      "5": {
        "start": {
          "line": 28,
          "column": 0
        },
        "end": {
          "line": 42,
          "column": 1
        }
      },
      "6": {
        "start": {
          "line": 29,
          "column": 2
        },
        "end": {
          "line": 33,
          "column": 3
        }
      },
      "7": {
        "start": {
          "line": 30,
          "column": 4
        },
        "end": {
          "line": 32,
          "column": 6
        }
      },
      "8": {
        "start": {
          "line": 34,
          "column": 2
        },
        "end": {
          "line": 41,
          "column": 5
        }
      },
      "9": {
        "start": {
          "line": 35,
          "column": 4
        },
        "end": {
          "line": 35,
          "column": 155
        }
      },
      "10": {
        "start": {
          "line": 36,
          "column": 4
        },
        "end": {
          "line": 40,
          "column": 7
        }
      },
      "11": {
        "start": {
          "line": 37,
          "column": 6
        },
        "end": {
          "line": 37,
          "column": 31
        }
      },
      "12": {
        "start": {
          "line": 37,
          "column": 24
        },
        "end": {
          "line": 37,
          "column": 31
        }
      },
      "13": {
        "start": {
          "line": 38,
          "column": 32
        },
        "end": {
          "line": 38,
          "column": 204
        }
      },
      "14": {
        "start": {
          "line": 39,
          "column": 6
        },
        "end": {
          "line": 39,
          "column": 75
        }
      },
      "15": {
        "start": {
          "line": 39,
          "column": 29
        },
        "end": {
          "line": 39,
          "column": 75
        }
      },
      "16": {
        "start": {
          "line": 44,
          "column": 2
        },
        "end": {
          "line": 44,
          "column": 134
        }
      },
      "17": {
        "start": {
          "line": 47,
          "column": 2
        },
        "end": {
          "line": 47,
          "column": 62
        }
      }
    },
    "fnMap": {
      "0": {
        "name": "(anonymous_0)",
        "decl": {
          "start": {
            "line": 4,
            "column": 27
          },
          "end": {
            "line": 4,
            "column": 28
          }
        },
        "loc": {
          "start": {
            "line": 4,
            "column": 55
          },
          "end": {
            "line": 22,
            "column": 1
          }
        },
        "line": 4
      },
      "1": {
        "name": "(anonymous_1)",
        "decl": {
          "start": {
            "line": 34,
            "column": 52
          },
          "end": {
            "line": 34,
            "column": 53
          }
        },
        "loc": {
          "start": {
            "line": 34,
            "column": 72
          },
          "end": {
            "line": 41,
            "column": 3
          }
        },
        "line": 34
      },
      "2": {
        "name": "(anonymous_2)",
        "decl": {
          "start": {
            "line": 36,
            "column": 27
          },
          "end": {
            "line": 36,
            "column": 28
          }
        },
        "loc": {
          "start": {
            "line": 36,
            "column": 44
          },
          "end": {
            "line": 40,
            "column": 5
          }
        },
        "line": 36
      },
      "3": {
        "name": "$RefreshReg$",
        "decl": {
          "start": {
            "line": 43,
            "column": 9
          },
          "end": {
            "line": 43,
            "column": 21
          }
        },
        "loc": {
          "start": {
            "line": 43,
            "column": 32
          },
          "end": {
            "line": 45,
            "column": 1
          }
        },
        "line": 43
      },
      "4": {
        "name": "$RefreshSig$",
        "decl": {
          "start": {
            "line": 46,
            "column": 9
          },
          "end": {
            "line": 46,
            "column": 21
          }
        },
        "loc": {
          "start": {
            "line": 46,
            "column": 24
          },
          "end": {
            "line": 48,
            "column": 1
          }
        },
        "line": 46
      }
    },
    "branchMap": {
      "0": {
        "loc": {
          "start": {
            "line": 8,
            "column": 42
          },
          "end": {
            "line": 8,
            "column": 57
          }
        },
        "type": "binary-expr",
        "locations": [
          {
            "start": {
              "line": 8,
              "column": 42
            },
            "end": {
              "line": 8,
              "column": 51
            }
          },
          {
            "start": {
              "line": 8,
              "column": 55
            },
            "end": {
              "line": 8,
              "column": 57
            }
          }
        ],
        "line": 8
      },
      "1": {
        "loc": {
          "start": {
            "line": 27,
            "column": 20
          },
          "end": {
            "line": 27,
            "column": 97
          }
        },
        "type": "binary-expr",
        "locations": [
          {
            "start": {
              "line": 27,
              "column": 20
            },
            "end": {
              "line": 27,
              "column": 60
            }
          },
          {
            "start": {
              "line": 27,
              "column": 64
            },
            "end": {
              "line": 27,
              "column": 97
            }
          }
        ],
        "line": 27
      },
      "2": {
        "loc": {
          "start": {
            "line": 28,
            "column": 0
          },
          "end": {
            "line": 42,
            "column": 1
          }
        },
        "type": "if",
        "locations": [
          {
            "start": {
              "line": 28,
              "column": 0
            },
            "end": {
              "line": 42,
              "column": 1
            }
          },
          {
            "start": {},
            "end": {}
          }
        ],
        "line": 28
      },
      "3": {
        "loc": {
          "start": {
            "line": 28,
            "column": 4
          },
          "end": {
            "line": 28,
            "column": 35
          }
        },
        "type": "binary-expr",
        "locations": [
          {
            "start": {
              "line": 28,
              "column": 4
            },
            "end": {
              "line": 28,
              "column": 19
            }
          },
          {
            "start": {
              "line": 28,
              "column": 23
            },
            "end": {
              "line": 28,
              "column": 35
            }
          }
        ],
        "line": 28
      },
      "4": {
        "loc": {
          "start": {
            "line": 29,
            "column": 2
          },
          "end": {
            "line": 33,
            "column": 3
          }
        },
        "type": "if",
        "locations": [
          {
            "start": {
              "line": 29,
              "column": 2
            },
            "end": {
              "line": 33,
              "column": 3
            }
          },
          {
            "start": {},
            "end": {}
          }
        ],
        "line": 29
      },
      "5": {
        "loc": {
          "start": {
            "line": 37,
            "column": 6
          },
          "end": {
            "line": 37,
            "column": 31
          }
        },
        "type": "if",
        "locations": [
          {
            "start": {
              "line": 37,
              "column": 6
            },
            "end": {
              "line": 37,
              "column": 31
            }
          },
          {
            "start": {},
            "end": {}
          }
        ],
        "line": 37
      },
      "6": {
        "loc": {
          "start": {
            "line": 39,
            "column": 6
          },
          "end": {
            "line": 39,
            "column": 75
          }
        },
        "type": "if",
        "locations": [
          {
            "start": {
              "line": 39,
              "column": 6
            },
            "end": {
              "line": 39,
              "column": 75
            }
          },
          {
            "start": {},
            "end": {}
          }
        ],
        "line": 39
      }
    },
    "s": {
      "0": 9,
      "1": 0,
      "2": 9,
      "3": 9,
      "4": 9,
      "5": 9,
      "6": 9,
      "7": 0,
      "8": 9,
      "9": 9,
      "10": 9,
      "11": 0,
      "12": 0,
      "13": 0,
      "14": 0,
      "15": 0,
      "16": 9,
      "17": 0
    },
    "f": {
      "0": 0,
      "1": 9,
      "2": 0,
      "3": 9,
      "4": 0
    },
    "b": {
      "0": [
        0,
        0
      ],
      "1": [
        9,
        0
      ],
      "2": [
        9,
        0
      ],
      "3": [
        9,
        9
      ],
      "4": [
        0,
        9
      ],
      "5": [
        0,
        0
      ],
      "6": [
        0,
        0
      ]
    },
    "inputSourceMap": {
      "version": 3,
      "mappings": "AAKI;AALJ,OAAOA,WAAW;AAClB,OAAOC,YAAY;AAEZ,aAAMC,cAAcA,CAAC,EAAEC,SAASC,UAAU,MAAM;AACrD,SACE;AAAA,IAAC;AAAA;AAAA,MACC,WAAW,GAAGH,OAAOI,WAAW,IAAID,aAAa,EAAE;AAAA,MACnD;AAAA,MACA,cAAW;AAAA,MAAa;AAAA;AAAA,IAH1B;AAAA;AAAA;AAAA;AAAA;AAAA;AAAA;AAAA;AAAA,EAMA;AAEJ;AAAEE,KAVWJ;AAAW,IAAAI;AAAAC,aAAAD,IAAA",
      "names": [
        "React",
        "styles",
        "CloseButton",
        "onClick",
        "className",
        "closeButton",
        "_c",
        "$RefreshReg$"
      ],
      "ignoreList": [],
      "sources": [
        "C:/Users/gabod/OneDrive/Desktop/LanGo_web/LanGo/src/components/common/CloseButton.jsx"
      ],
      "file": "C:/Users/gabod/OneDrive/Desktop/LanGo_web/LanGo/src/components/common/CloseButton.jsx"
    },
    "_coverageSchema": "1a1c01bbd47fc00a2c39e90264f33305004495a9",
    "hash": "b5e85f498094eec4ee1fe9d9d210f1a7112234a9"
  },
  "C:/Users/gabod/OneDrive/Desktop/LanGo_web/LanGo/src/components/common/ModalWrapper.jsx": {
    "path": "C:/Users/gabod/OneDrive/Desktop/LanGo_web/LanGo/src/components/common/ModalWrapper.jsx",
    "statementMap": {
      "0": {
        "start": {
          "line": 2,
          "column": 9
        },
        "end": {
          "line": 2,
          "column": 23
        }
      },
      "1": {
        "start": {
          "line": 7,
          "column": 21
        },
        "end": {
          "line": 36,
          "column": 1
        }
      },
      "2": {
        "start": {
          "line": 8,
          "column": 2
        },
        "end": {
          "line": 8,
          "column": 7
        }
      },
      "3": {
        "start": {
          "line": 9,
          "column": 37
        },
        "end": {
          "line": 9,
          "column": 47
        }
      },
      "4": {
        "start": {
          "line": 10,
          "column": 2
        },
        "end": {
          "line": 10,
          "column": 57
        }
      },
      "5": {
        "start": {
          "line": 11,
          "column": 29
        },
        "end": {
          "line": 15,
          "column": 3
        }
      },
      "6": {
        "start": {
          "line": 12,
          "column": 4
        },
        "end": {
          "line": 14,
          "column": 5
        }
      },
      "7": {
        "start": {
          "line": 13,
          "column": 6
        },
        "end": {
          "line": 13,
          "column": 19
        }
      },
      "8": {
        "start": {
          "line": 16,
          "column": 28
        },
        "end": {
          "line": 19,
          "column": 4
        }
      },
      "9": {
        "start": {
          "line": 20,
          "column": 2
        },
        "end": {
          "line": 35,
          "column": 11
        }
      },
      "10": {
        "start": {
          "line": 37,
          "column": 0
        },
        "end": {
          "line": 39,
          "column": 3
        }
      },
      "11": {
        "start": {
          "line": 38,
          "column": 2
        },
        "end": {
          "line": 38,
          "column": 20
        }
      },
      "12": {
        "start": {
          "line": 40,
          "column": 0
        },
        "end": {
          "line": 40,
          "column": 18
        }
      },
      "13": {
        "start": {
          "line": 43,
          "column": 0
        },
        "end": {
          "line": 43,
          "column": 33
        }
      },
      "14": {
        "start": {
          "line": 45,
          "column": 20
        },
        "end": {
          "line": 45,
          "column": 97
        }
      },
      "15": {
        "start": {
          "line": 46,
          "column": 0
        },
        "end": {
          "line": 60,
          "column": 1
        }
      },
      "16": {
        "start": {
          "line": 47,
          "column": 2
        },
        "end": {
          "line": 51,
          "column": 3
        }
      },
      "17": {
        "start": {
          "line": 48,
          "column": 4
        },
        "end": {
          "line": 50,
          "column": 6
        }
      },
      "18": {
        "start": {
          "line": 52,
          "column": 2
        },
        "end": {
          "line": 59,
          "column": 5
        }
      },
      "19": {
        "start": {
          "line": 53,
          "column": 4
        },
        "end": {
          "line": 53,
          "column": 156
        }
      },
      "20": {
        "start": {
          "line": 54,
          "column": 4
        },
        "end": {
          "line": 58,
          "column": 7
        }
      },
      "21": {
        "start": {
          "line": 55,
          "column": 6
        },
        "end": {
          "line": 55,
          "column": 31
        }
      },
      "22": {
        "start": {
          "line": 55,
          "column": 24
        },
        "end": {
          "line": 55,
          "column": 31
        }
      },
      "23": {
        "start": {
          "line": 56,
          "column": 32
        },
        "end": {
          "line": 56,
          "column": 205
        }
      },
      "24": {
        "start": {
          "line": 57,
          "column": 6
        },
        "end": {
          "line": 57,
          "column": 75
        }
      },
      "25": {
        "start": {
          "line": 57,
          "column": 29
        },
        "end": {
          "line": 57,
          "column": 75
        }
      },
      "26": {
        "start": {
          "line": 62,
          "column": 2
        },
        "end": {
          "line": 62,
          "column": 135
        }
      },
      "27": {
        "start": {
          "line": 65,
          "column": 2
        },
        "end": {
          "line": 65,
          "column": 62
        }
      }
    },
    "fnMap": {
      "0": {
        "name": "(anonymous_0)",
        "decl": {
          "start": {
            "line": 7,
            "column": 21
          },
          "end": {
            "line": 7,
            "column": 22
          }
        },
        "loc": {
          "start": {
            "line": 7,
            "column": 39
          },
          "end": {
            "line": 36,
            "column": 1
          }
        },
        "line": 7
      },
      "1": {
        "name": "(anonymous_1)",
        "decl": {
          "start": {
            "line": 11,
            "column": 29
          },
          "end": {
            "line": 11,
            "column": 30
          }
        },
        "loc": {
          "start": {
            "line": 11,
            "column": 36
          },
          "end": {
            "line": 15,
            "column": 3
          }
        },
        "line": 11
      },
      "2": {
        "name": "(anonymous_2)",
        "decl": {
          "start": {
            "line": 37,
            "column": 56
          },
          "end": {
            "line": 37,
            "column": 57
          }
        },
        "loc": {
          "start": {
            "line": 37,
            "column": 67
          },
          "end": {
            "line": 39,
            "column": 1
          }
        },
        "line": 37
      },
      "3": {
        "name": "(anonymous_3)",
        "decl": {
          "start": {
            "line": 52,
            "column": 52
          },
          "end": {
            "line": 52,
            "column": 53
          }
        },
        "loc": {
          "start": {
            "line": 52,
            "column": 72
          },
          "end": {
            "line": 59,
            "column": 3
          }
        },
        "line": 52
      },
      "4": {
        "name": "(anonymous_4)",
        "decl": {
          "start": {
            "line": 54,
            "column": 27
          },
          "end": {
            "line": 54,
            "column": 28
          }
        },
        "loc": {
          "start": {
            "line": 54,
            "column": 44
          },
          "end": {
            "line": 58,
            "column": 5
          }
        },
        "line": 54
      },
      "5": {
        "name": "$RefreshReg$",
        "decl": {
          "start": {
            "line": 61,
            "column": 9
          },
          "end": {
            "line": 61,
            "column": 21
          }
        },
        "loc": {
          "start": {
            "line": 61,
            "column": 32
          },
          "end": {
            "line": 63,
            "column": 1
          }
        },
        "line": 61
      },
      "6": {
        "name": "$RefreshSig$",
        "decl": {
          "start": {
            "line": 64,
            "column": 9
          },
          "end": {
            "line": 64,
            "column": 21
          }
        },
        "loc": {
          "start": {
            "line": 64,
            "column": 24
          },
          "end": {
            "line": 66,
            "column": 1
          }
        },
        "line": 64
      }
    },
    "branchMap": {
      "0": {
        "loc": {
          "start": {
            "line": 12,
            "column": 4
          },
          "end": {
            "line": 14,
            "column": 5
          }
        },
        "type": "if",
        "locations": [
          {
            "start": {
              "line": 12,
              "column": 4
            },
            "end": {
              "line": 14,
              "column": 5
            }
          },
          {
            "start": {},
            "end": {}
          }
        ],
        "line": 12
      },
      "1": {
        "loc": {
          "start": {
            "line": 45,
            "column": 20
          },
          "end": {
            "line": 45,
            "column": 97
          }
        },
        "type": "binary-expr",
        "locations": [
          {
            "start": {
              "line": 45,
              "column": 20
            },
            "end": {
              "line": 45,
              "column": 60
            }
          },
          {
            "start": {
              "line": 45,
              "column": 64
            },
            "end": {
              "line": 45,
              "column": 97
            }
          }
        ],
        "line": 45
      },
      "2": {
        "loc": {
          "start": {
            "line": 46,
            "column": 0
          },
          "end": {
            "line": 60,
            "column": 1
          }
        },
        "type": "if",
        "locations": [
          {
            "start": {
              "line": 46,
              "column": 0
            },
            "end": {
              "line": 60,
              "column": 1
            }
          },
          {
            "start": {},
            "end": {}
          }
        ],
        "line": 46
      },
      "3": {
        "loc": {
          "start": {
            "line": 46,
            "column": 4
          },
          "end": {
            "line": 46,
            "column": 35
          }
        },
        "type": "binary-expr",
        "locations": [
          {
            "start": {
              "line": 46,
              "column": 4
            },
            "end": {
              "line": 46,
              "column": 19
            }
          },
          {
            "start": {
              "line": 46,
              "column": 23
            },
            "end": {
              "line": 46,
              "column": 35
            }
          }
        ],
        "line": 46
      },
      "4": {
        "loc": {
          "start": {
            "line": 47,
            "column": 2
          },
          "end": {
            "line": 51,
            "column": 3
          }
        },
        "type": "if",
        "locations": [
          {
            "start": {
              "line": 47,
              "column": 2
            },
            "end": {
              "line": 51,
              "column": 3
            }
          },
          {
            "start": {},
            "end": {}
          }
        ],
        "line": 47
      },
      "5": {
        "loc": {
          "start": {
            "line": 55,
            "column": 6
          },
          "end": {
            "line": 55,
            "column": 31
          }
        },
        "type": "if",
        "locations": [
          {
            "start": {
              "line": 55,
              "column": 6
            },
            "end": {
              "line": 55,
              "column": 31
            }
          },
          {
            "start": {},
            "end": {}
          }
        ],
        "line": 55
      },
      "6": {
        "loc": {
          "start": {
            "line": 57,
            "column": 6
          },
          "end": {
            "line": 57,
            "column": 75
          }
        },
        "type": "if",
        "locations": [
          {
            "start": {
              "line": 57,
              "column": 6
            },
            "end": {
              "line": 57,
              "column": 75
            }
          },
          {
            "start": {},
            "end": {}
          }
        ],
        "line": 57
      }
    },
    "s": {
      "0": 9,
      "1": 9,
      "2": 0,
      "3": 0,
      "4": 0,
      "5": 0,
      "6": 0,
      "7": 0,
      "8": 0,
      "9": 0,
      "10": 9,
      "11": 0,
      "12": 9,
      "13": 9,
      "14": 9,
      "15": 9,
      "16": 9,
      "17": 0,
      "18": 9,
      "19": 9,
      "20": 9,
      "21": 0,
      "22": 0,
      "23": 0,
      "24": 0,
      "25": 0,
      "26": 9,
      "27": 9
    },
    "f": {
      "0": 0,
      "1": 0,
      "2": 0,
      "3": 9,
      "4": 0,
      "5": 9,
      "6": 9
    },
    "b": {
      "0": [
        0,
        0
      ],
      "1": [
        9,
        0
      ],
      "2": [
        9,
        0
      ],
      "3": [
        9,
        9
      ],
      "4": [
        0,
        9
      ],
      "5": [
        0,
        0
      ],
      "6": [
        0,
        0
      ]
    },
    "inputSourceMap": {
      "version": 3,
      "mappings": "AAsBQ;;AAtBR,OAAOA,WAAW;AAClB,OAAOC,YAAY;AACnB,SAASC,gBAAgB;AACzB,SAASC,mBAAmB;AAE5B,MAAMC,eAAeA,CAAC,EAAEC,SAAS,MAAM;AAAAC,KAAA;AACrC,QAAM,EAAEC,YAAYC,WAAW,IAAIN,SAAS;AAC5CO,UAAQC,IAAI,+BAA+BF,UAAU;AACrD,QAAMG,qBAAqBA,CAACC,MAAM;AAChC,QAAIA,EAAEC,WAAWD,EAAEE,eAAe;AAChCP,iBAAW;AAAA,IACb;AAAA,EACF;AAEA,QAAMQ,oBAAoBf,MAAMgB,aAAaX,UAAU;AAAA,IACrDE;AAAAA,IACA,GAAGC;AAAAA,EACL,CAAC;AAED,SACE,uBAAC,SAAI,WAAWP,OAAOgB,SAAS,SAASN,oBACvC,iCAAC,SAAI,WAAWV,OAAOiB,gBACrB;AAAA,2BAAC,eAAY,SAASX,YAAY,WAAWN,OAAOkB,eAApD;AAAA;AAAA;AAAA;AAAA,WAAgE;AAAA,IAC/DJ;AAAAA,OAFH;AAAA;AAAA;AAAA;AAAA,SAGA,KAJF;AAAA;AAAA;AAAA;AAAA,SAKA;AAEJ;AAAET,GAtBIF,cAAY;AAAA,UACmBF,QAAQ;AAAA;AAAAkB,KADvChB;AAwBN,eAAeA;AAAa,IAAAgB;AAAAC,aAAAD,IAAA",
      "names": [
        "React",
        "styles",
        "useModal",
        "CloseButton",
        "ModalWrapper",
        "children",
        "_s",
        "closeModal",
        "modalProps",
        "console",
        "log",
        "handleOverlayClick",
        "e",
        "target",
        "currentTarget",
        "childrenWithProps",
        "cloneElement",
        "overlay",
        "modalContainer",
        "closeButton",
        "_c",
        "$RefreshReg$"
      ],
      "ignoreList": [],
      "sources": [
        "C:/Users/gabod/OneDrive/Desktop/LanGo_web/LanGo/src/components/common/ModalWrapper.jsx"
      ],
      "file": "C:/Users/gabod/OneDrive/Desktop/LanGo_web/LanGo/src/components/common/ModalWrapper.jsx"
    },
    "_coverageSchema": "1a1c01bbd47fc00a2c39e90264f33305004495a9",
    "hash": "e3461b8207848a9ea9969c56a37b70e7c1743bc4"
  },
  "C:/Users/gabod/OneDrive/Desktop/LanGo_web/LanGo/src/context/ModalContext.jsx": {
    "path": "C:/Users/gabod/OneDrive/Desktop/LanGo_web/LanGo/src/context/ModalContext.jsx",
    "statementMap": {
      "0": {
        "start": {
          "line": 2,
          "column": 9
        },
        "end": {
          "line": 2,
          "column": 23
        }
      },
      "1": {
        "start": {
          "line": 5,
          "column": 28
        },
        "end": {
          "line": 5,
          "column": 43
        }
      },
      "2": {
        "start": {
          "line": 6,
          "column": 29
        },
        "end": {
          "line": 30,
          "column": 1
        }
      },
      "3": {
        "start": {
          "line": 7,
          "column": 2
        },
        "end": {
          "line": 7,
          "column": 7
        }
      },
      "4": {
        "start": {
          "line": 8,
          "column": 42
        },
        "end": {
          "line": 8,
          "column": 56
        }
      },
      "5": {
        "start": {
          "line": 9,
          "column": 38
        },
        "end": {
          "line": 9,
          "column": 50
        }
      },
      "6": {
        "start": {
          "line": 10,
          "column": 20
        },
        "end": {
          "line": 13,
          "column": 3
        }
      },
      "7": {
        "start": {
          "line": 11,
          "column": 4
        },
        "end": {
          "line": 11,
          "column": 29
        }
      },
      "8": {
        "start": {
          "line": 12,
          "column": 4
        },
        "end": {
          "line": 12,
          "column": 25
        }
      },
      "9": {
        "start": {
          "line": 14,
          "column": 21
        },
        "end": {
          "line": 17,
          "column": 3
        }
      },
      "10": {
        "start": {
          "line": 15,
          "column": 4
        },
        "end": {
          "line": 15,
          "column": 26
        }
      },
      "11": {
        "start": {
          "line": 16,
          "column": 4
        },
        "end": {
          "line": 16,
          "column": 22
        }
      },
      "12": {
        "start": {
          "line": 18,
          "column": 2
        },
        "end": {
          "line": 29,
          "column": 11
        }
      },
      "13": {
        "start": {
          "line": 31,
          "column": 0
        },
        "end": {
          "line": 31,
          "column": 50
        }
      },
      "14": {
        "start": {
          "line": 32,
          "column": 0
        },
        "end": {
          "line": 32,
          "column": 19
        }
      },
      "15": {
        "start": {
          "line": 34,
          "column": 0
        },
        "end": {
          "line": 34,
          "column": 34
        }
      },
      "16": {
        "start": {
          "line": 36,
          "column": 20
        },
        "end": {
          "line": 36,
          "column": 97
        }
      },
      "17": {
        "start": {
          "line": 37,
          "column": 0
        },
        "end": {
          "line": 51,
          "column": 1
        }
      },
      "18": {
        "start": {
          "line": 38,
          "column": 2
        },
        "end": {
          "line": 42,
          "column": 3
        }
      },
      "19": {
        "start": {
          "line": 39,
          "column": 4
        },
        "end": {
          "line": 41,
          "column": 6
        }
      },
      "20": {
        "start": {
          "line": 43,
          "column": 2
        },
        "end": {
          "line": 50,
          "column": 5
        }
      },
      "21": {
        "start": {
          "line": 44,
          "column": 4
        },
        "end": {
          "line": 44,
          "column": 146
        }
      },
      "22": {
        "start": {
          "line": 45,
          "column": 4
        },
        "end": {
          "line": 49,
          "column": 7
        }
      },
      "23": {
        "start": {
          "line": 46,
          "column": 6
        },
        "end": {
          "line": 46,
          "column": 31
        }
      },
      "24": {
        "start": {
          "line": 46,
          "column": 24
        },
        "end": {
          "line": 46,
          "column": 31
        }
      },
      "25": {
        "start": {
          "line": 47,
          "column": 32
        },
        "end": {
          "line": 47,
          "column": 195
        }
      },
      "26": {
        "start": {
          "line": 48,
          "column": 6
        },
        "end": {
          "line": 48,
          "column": 75
        }
      },
      "27": {
        "start": {
          "line": 48,
          "column": 29
        },
        "end": {
          "line": 48,
          "column": 75
        }
      },
      "28": {
        "start": {
          "line": 53,
          "column": 2
        },
        "end": {
          "line": 53,
          "column": 125
        }
      },
      "29": {
        "start": {
          "line": 56,
          "column": 2
        },
        "end": {
          "line": 56,
          "column": 62
        }
      }
    },
    "fnMap": {
      "0": {
        "name": "(anonymous_0)",
        "decl": {
          "start": {
            "line": 6,
            "column": 29
          },
          "end": {
            "line": 6,
            "column": 30
          }
        },
        "loc": {
          "start": {
            "line": 6,
            "column": 47
          },
          "end": {
            "line": 30,
            "column": 1
          }
        },
        "line": 6
      },
      "1": {
        "name": "(anonymous_1)",
        "decl": {
          "start": {
            "line": 10,
            "column": 20
          },
          "end": {
            "line": 10,
            "column": 21
          }
        },
        "loc": {
          "start": {
            "line": 10,
            "column": 45
          },
          "end": {
            "line": 13,
            "column": 3
          }
        },
        "line": 10
      },
      "2": {
        "name": "(anonymous_2)",
        "decl": {
          "start": {
            "line": 14,
            "column": 21
          },
          "end": {
            "line": 14,
            "column": 22
          }
        },
        "loc": {
          "start": {
            "line": 14,
            "column": 27
          },
          "end": {
            "line": 17,
            "column": 3
          }
        },
        "line": 14
      },
      "3": {
        "name": "(anonymous_3)",
        "decl": {
          "start": {
            "line": 43,
            "column": 52
          },
          "end": {
            "line": 43,
            "column": 53
          }
        },
        "loc": {
          "start": {
            "line": 43,
            "column": 72
          },
          "end": {
            "line": 50,
            "column": 3
          }
        },
        "line": 43
      },
      "4": {
        "name": "(anonymous_4)",
        "decl": {
          "start": {
            "line": 45,
            "column": 27
          },
          "end": {
            "line": 45,
            "column": 28
          }
        },
        "loc": {
          "start": {
            "line": 45,
            "column": 44
          },
          "end": {
            "line": 49,
            "column": 5
          }
        },
        "line": 45
      },
      "5": {
        "name": "$RefreshReg$",
        "decl": {
          "start": {
            "line": 52,
            "column": 9
          },
          "end": {
            "line": 52,
            "column": 21
          }
        },
        "loc": {
          "start": {
            "line": 52,
            "column": 32
          },
          "end": {
            "line": 54,
            "column": 1
          }
        },
        "line": 52
      },
      "6": {
        "name": "$RefreshSig$",
        "decl": {
          "start": {
            "line": 55,
            "column": 9
          },
          "end": {
            "line": 55,
            "column": 21
          }
        },
        "loc": {
          "start": {
            "line": 55,
            "column": 24
          },
          "end": {
            "line": 57,
            "column": 1
          }
        },
        "line": 55
      }
    },
    "branchMap": {
      "0": {
        "loc": {
          "start": {
            "line": 10,
            "column": 30
          },
          "end": {
            "line": 10,
            "column": 40
          }
        },
        "type": "default-arg",
        "locations": [
          {
            "start": {
              "line": 10,
              "column": 38
            },
            "end": {
              "line": 10,
              "column": 40
            }
          }
        ],
        "line": 10
      },
      "1": {
        "loc": {
          "start": {
            "line": 20,
            "column": 4
          },
          "end": {
            "line": 24,
            "column": 12
          }
        },
        "type": "binary-expr",
        "locations": [
          {
            "start": {
              "line": 20,
              "column": 4
            },
            "end": {
              "line": 20,
              "column": 16
            }
          },
          {
            "start": {
              "line": 20,
              "column": 36
            },
            "end": {
              "line": 24,
              "column": 12
            }
          }
        ],
        "line": 20
      },
      "2": {
        "loc": {
          "start": {
            "line": 36,
            "column": 20
          },
          "end": {
            "line": 36,
            "column": 97
          }
        },
        "type": "binary-expr",
        "locations": [
          {
            "start": {
              "line": 36,
              "column": 20
            },
            "end": {
              "line": 36,
              "column": 60
            }
          },
          {
            "start": {
              "line": 36,
              "column": 64
            },
            "end": {
              "line": 36,
              "column": 97
            }
          }
        ],
        "line": 36
      },
      "3": {
        "loc": {
          "start": {
            "line": 37,
            "column": 0
          },
          "end": {
            "line": 51,
            "column": 1
          }
        },
        "type": "if",
        "locations": [
          {
            "start": {
              "line": 37,
              "column": 0
            },
            "end": {
              "line": 51,
              "column": 1
            }
          },
          {
            "start": {},
            "end": {}
          }
        ],
        "line": 37
      },
      "4": {
        "loc": {
          "start": {
            "line": 37,
            "column": 4
          },
          "end": {
            "line": 37,
            "column": 35
          }
        },
        "type": "binary-expr",
        "locations": [
          {
            "start": {
              "line": 37,
              "column": 4
            },
            "end": {
              "line": 37,
              "column": 19
            }
          },
          {
            "start": {
              "line": 37,
              "column": 23
            },
            "end": {
              "line": 37,
              "column": 35
            }
          }
        ],
        "line": 37
      },
      "5": {
        "loc": {
          "start": {
            "line": 38,
            "column": 2
          },
          "end": {
            "line": 42,
            "column": 3
          }
        },
        "type": "if",
        "locations": [
          {
            "start": {
              "line": 38,
              "column": 2
            },
            "end": {
              "line": 42,
              "column": 3
            }
          },
          {
            "start": {},
            "end": {}
          }
        ],
        "line": 38
      },
      "6": {
        "loc": {
          "start": {
            "line": 46,
            "column": 6
          },
          "end": {
            "line": 46,
            "column": 31
          }
        },
        "type": "if",
        "locations": [
          {
            "start": {
              "line": 46,
              "column": 6
            },
            "end": {
              "line": 46,
              "column": 31
            }
          },
          {
            "start": {},
            "end": {}
          }
        ],
        "line": 46
      },
      "7": {
        "loc": {
          "start": {
            "line": 48,
            "column": 6
          },
          "end": {
            "line": 48,
            "column": 75
          }
        },
        "type": "if",
        "locations": [
          {
            "start": {
              "line": 48,
              "column": 6
            },
            "end": {
              "line": 48,
              "column": 75
            }
          },
          {
            "start": {},
            "end": {}
          }
        ],
        "line": 48
      }
    },
    "s": {
      "0": 9,
      "1": 9,
      "2": 9,
      "3": 18,
      "4": 18,
      "5": 18,
      "6": 18,
      "7": 0,
      "8": 0,
      "9": 18,
      "10": 0,
      "11": 0,
      "12": 18,
      "13": 9,
      "14": 9,
      "15": 9,
      "16": 9,
      "17": 9,
      "18": 9,
      "19": 0,
      "20": 9,
      "21": 9,
      "22": 9,
      "23": 0,
      "24": 0,
      "25": 0,
      "26": 0,
      "27": 0,
      "28": 9,
      "29": 9
    },
    "f": {
      "0": 18,
      "1": 0,
      "2": 0,
      "3": 9,
      "4": 0,
      "5": 9,
      "6": 9
    },
    "b": {
      "0": [
        0
      ],
      "1": [
        18,
        0
      ],
      "2": [
        9,
        0
      ],
      "3": [
        9,
        0
      ],
      "4": [
        9,
        9
      ],
      "5": [
        0,
        9
      ],
      "6": [
        0,
        0
      ],
      "7": [
        0,
        0
      ]
    },
    "inputSourceMap": {
      "version": 3,
      "mappings": "AAsBuB;;AAtBvB,OAAOA,SAASC,eAAeC,gBAAgB;AAC/C,OAAOC,kBAAkB;AAElB,aAAMC,eAAeH,cAAc;AAEnC,aAAMI,gBAAgBA,CAAC,EAAEC,SAAS,MAAM;AAAAC,KAAA;AAC7C,QAAM,CAACC,cAAcC,eAAe,IAAIP,SAAS,IAAI;AACrD,QAAM,CAACQ,YAAYC,aAAa,IAAIT,SAAS,CAAC,CAAC;AAE/C,QAAMU,YAAYA,CAACC,SAASC,QAAQ,CAAC,MAAM;AACzCL,oBAAgBI,OAAO;AACvBF,kBAAcG,KAAK;AAAA,EACrB;AAEA,QAAMC,aAAaA,MAAM;AACvBN,oBAAgB,IAAI;AACpBE,kBAAc,CAAC,CAAC;AAAA,EAClB;AAEA,SACE,uBAAC,aAAa,UAAb,EAAsB,OAAO,EAAEC,WAAWG,YAAYL,WAAW,GAC/DJ;AAAAA;AAAAA,IACAE,gBAAgB,uBAAC,gBAAcA,0BAAf;AAAA;AAAA;AAAA;AAAA,WAA4B;AAAA,OAF/C;AAAA;AAAA;AAAA;AAAA,SAGA;AAEJ;AAAED,GApBWF,eAAa;AAAAW,KAAbX;AAAa,IAAAW;AAAAC,aAAAD,IAAA",
      "names": [
        "React",
        "createContext",
        "useState",
        "ModalWrapper",
        "ModalContext",
        "ModalProvider",
        "children",
        "_s",
        "modalContent",
        "setModalContent",
        "modalProps",
        "setModalProps",
        "openModal",
        "content",
        "props",
        "closeModal",
        "_c",
        "$RefreshReg$"
      ],
      "ignoreList": [],
      "sources": [
        "C:/Users/gabod/OneDrive/Desktop/LanGo_web/LanGo/src/context/ModalContext.jsx"
      ],
      "file": "C:/Users/gabod/OneDrive/Desktop/LanGo_web/LanGo/src/context/ModalContext.jsx"
    },
    "_coverageSchema": "1a1c01bbd47fc00a2c39e90264f33305004495a9",
    "hash": "421e4b3654cc541c7a8651f640df99c56feb207f"
  },
  "C:/Users/gabod/OneDrive/Desktop/LanGo_web/LanGo/src/config/api.js": {
    "path": "C:/Users/gabod/OneDrive/Desktop/LanGo_web/LanGo/src/config/api.js",
    "statementMap": {
      "0": {
        "start": {
          "line": 1,
          "column": 28
        },
        "end": {
          "line": 1,
          "column": 51
        }
      },
      "1": {
        "start": {
          "line": 3,
          "column": 26
        },
        "end": {
          "line": 10,
          "column": 1
        }
      },
      "2": {
        "start": {
          "line": 12,
          "column": 25
        },
        "end": {
          "line": 15,
          "column": 1
        }
      },
      "3": {
        "start": {
          "line": 13,
          "column": 16
        },
        "end": {
          "line": 13,
          "column": 54
        }
      },
      "4": {
        "start": {
          "line": 14,
          "column": 2
        },
        "end": {
          "line": 14,
          "column": 80
        }
      },
      "5": {
        "start": {
          "line": 17,
          "column": 27
        },
        "end": {
          "line": 20,
          "column": 1
        }
      }
    },
    "fnMap": {
      "0": {
        "name": "(anonymous_0)",
        "decl": {
          "start": {
            "line": 12,
            "column": 25
          },
          "end": {
            "line": 12,
            "column": 26
          }
        },
        "loc": {
          "start": {
            "line": 12,
            "column": 31
          },
          "end": {
            "line": 15,
            "column": 1
          }
        },
        "line": 12
      }
    },
    "branchMap": {
      "0": {
        "loc": {
          "start": {
            "line": 14,
            "column": 9
          },
          "end": {
            "line": 14,
            "column": 79
          }
        },
        "type": "cond-expr",
        "locations": [
          {
            "start": {
              "line": 14,
              "column": 17
            },
            "end": {
              "line": 14,
              "column": 47
            }
          },
          {
            "start": {
              "line": 14,
              "column": 50
            },
            "end": {
              "line": 14,
              "column": 79
            }
          }
        ],
        "line": 14
      }
    },
    "s": {
      "0": 9,
      "1": 9,
      "2": 9,
      "3": 0,
      "4": 0,
      "5": 9
    },
    "f": {
      "0": 0
    },
    "b": {
      "0": [
        0,
        0
      ]
    },
    "inputSourceMap": {
      "version": 3,
      "sources": [
        "C:/Users/gabod/OneDrive/Desktop/LanGo_web/LanGo/src/config/api.js"
      ],
      "names": [],
      "mappings": "AAAA,MAAM,CAAC,KAAK,CAAC,YAAY,CAAC,CAAC,CAAC,CAAC,IAAI,CAAC,CAAC,CAAC,SAAS,CAAC,IAAI,CAAC;;AAEnD,MAAM,CAAC,KAAK,CAAC,UAAU,CAAC,CAAC,CAAC;AAC1B,CAAC,CAAC,WAAW,CAAC,CAAC;AACf,CAAC,CAAC,CAAC,CAAC,OAAO,CAAC,CAAC,CAAC,IAAI,CAAC,CAAC,CAAC,SAAS,CAAC,IAAI,CAAC;AACpC,CAAC,CAAC,CAAC;AACH,CAAC,CAAC,UAAU,CAAC,CAAC;AACd,CAAC,CAAC,CAAC,CAAC,OAAO,CAAC,CAAC,CAAC,KAAK,CAAC,CAAC,CAAC,GAAG,CAAC,OAAO,CAAC,GAAG,CAAC;AACtC,CAAC,CAAC,CAAC;AACH,CAAC;;AAED,MAAM,CAAC,KAAK,CAAC,SAAS,CAAC,CAAC,CAAC,CAAC,CAAC,CAAC,CAAC,CAAC,CAAC;AAC/B,CAAC,CAAC,KAAK,CAAC,KAAK,CAAC,CAAC,CAAC,MAAM,CAAC,IAAI,CAAC,GAAG,CAAC,IAAI,CAAC,CAAC,CAAC,CAAC,CAAC,CAAC,WAAW,CAAC;AACtD,CAAC,CAAC,MAAM,CAAC,KAAK,CAAC,CAAC,CAAC,UAAU,CAAC,WAAW,CAAC,OAAO,CAAC,CAAC,CAAC,UAAU,CAAC,UAAU,CAAC,OAAO;AAC/E,CAAC;;AAED,MAAM,CAAC,KAAK,CAAC,WAAW,CAAC,CAAC,CAAC;AAC3B,CAAC,CAAC,OAAO,CAAC,CAAC,KAAK;AAChB,CAAC,CAAC,OAAO,CAAC,CAAC,CAAC;AACZ,CAAC;"
    },
    "_coverageSchema": "1a1c01bbd47fc00a2c39e90264f33305004495a9",
    "hash": "4236f2e6d648ab9dae8b71c3da326788451d1cea"
  },
  "C:/Users/gabod/OneDrive/Desktop/LanGo_web/LanGo/src/services/api.js": {
    "path": "C:/Users/gabod/OneDrive/Desktop/LanGo_web/LanGo/src/services/api.js",
    "statementMap": {
      "0": {
        "start": {
          "line": 4,
          "column": 14
        },
        "end": {
          "line": 4,
          "column": 42
        }
      },
      "1": {
        "start": {
          "line": 6,
          "column": 18
        },
        "end": {
          "line": 9,
          "column": 3
        }
      },
      "2": {
        "start": {
          "line": 11,
          "column": 17
        },
        "end": {
          "line": 14,
          "column": 3
        }
      },
      "3": {
        "start": {
          "line": 16,
          "column": 2
        },
        "end": {
          "line": 18,
          "column": 3
        }
      },
      "4": {
        "start": {
          "line": 17,
          "column": 4
        },
        "end": {
          "line": 17,
          "column": 47
        }
      },
      "5": {
        "start": {
          "line": 20,
          "column": 19
        },
        "end": {
          "line": 20,
          "column": 43
        }
      },
      "6": {
        "start": {
          "line": 22,
          "column": 2
        },
        "end": {
          "line": 34,
          "column": 3
        }
      },
      "7": {
        "start": {
          "line": 24,
          "column": 4
        },
        "end": {
          "line": 28,
          "column": 5
        }
      },
      "8": {
        "start": {
          "line": 25,
          "column": 6
        },
        "end": {
          "line": 25,
          "column": 40
        }
      },
      "9": {
        "start": {
          "line": 27,
          "column": 6
        },
        "end": {
          "line": 27,
          "column": 51
        }
      },
      "10": {
        "start": {
          "line": 30,
          "column": 6
        },
        "end": {
          "line": 32,
          "column": 53
        }
      },
      "11": {
        "start": {
          "line": 33,
          "column": 4
        },
        "end": {
          "line": 33,
          "column": 34
        }
      },
      "12": {
        "start": {
          "line": 35,
          "column": 2
        },
        "end": {
          "line": 37,
          "column": 3
        }
      },
      "13": {
        "start": {
          "line": 36,
          "column": 4
        },
        "end": {
          "line": 36,
          "column": 16
        }
      },
      "14": {
        "start": {
          "line": 39,
          "column": 2
        },
        "end": {
          "line": 39,
          "column": 25
        }
      },
      "15": {
        "start": {
          "line": 42,
          "column": 22
        },
        "end": {
          "line": 42,
          "column": 57
        }
      },
      "16": {
        "start": {
          "line": 42,
          "column": 36
        },
        "end": {
          "line": 42,
          "column": 57
        }
      },
      "17": {
        "start": {
          "line": 44,
          "column": 23
        },
        "end": {
          "line": 49,
          "column": 1
        }
      },
      "18": {
        "start": {
          "line": 45,
          "column": 2
        },
        "end": {
          "line": 48,
          "column": 5
        }
      },
      "19": {
        "start": {
          "line": 51,
          "column": 22
        },
        "end": {
          "line": 56,
          "column": 1
        }
      },
      "20": {
        "start": {
          "line": 52,
          "column": 2
        },
        "end": {
          "line": 55,
          "column": 5
        }
      },
      "21": {
        "start": {
          "line": 58,
          "column": 24
        },
        "end": {
          "line": 63,
          "column": 1
        }
      },
      "22": {
        "start": {
          "line": 59,
          "column": 2
        },
        "end": {
          "line": 62,
          "column": 5
        }
      },
      "23": {
        "start": {
          "line": 65,
          "column": 25
        },
        "end": {
          "line": 69,
          "column": 1
        }
      },
      "24": {
        "start": {
          "line": 66,
          "column": 2
        },
        "end": {
          "line": 68,
          "column": 5
        }
      }
    },
    "fnMap": {
      "0": {
        "name": "customFetch",
        "decl": {
          "start": {
            "line": 3,
            "column": 15
          },
          "end": {
            "line": 3,
            "column": 26
          }
        },
        "loc": {
          "start": {
            "line": 3,
            "column": 51
          },
          "end": {
            "line": 40,
            "column": 1
          }
        },
        "line": 3
      },
      "1": {
        "name": "(anonymous_1)",
        "decl": {
          "start": {
            "line": 42,
            "column": 22
          },
          "end": {
            "line": 42,
            "column": 23
          }
        },
        "loc": {
          "start": {
            "line": 42,
            "column": 36
          },
          "end": {
            "line": 42,
            "column": 57
          }
        },
        "line": 42
      },
      "2": {
        "name": "(anonymous_2)",
        "decl": {
          "start": {
            "line": 44,
            "column": 23
          },
          "end": {
            "line": 44,
            "column": 24
          }
        },
        "loc": {
          "start": {
            "line": 44,
            "column": 43
          },
          "end": {
            "line": 49,
            "column": 1
          }
        },
        "line": 44
      },
      "3": {
        "name": "(anonymous_3)",
        "decl": {
          "start": {
            "line": 51,
            "column": 22
          },
          "end": {
            "line": 51,
            "column": 23
          }
        },
        "loc": {
          "start": {
            "line": 51,
            "column": 42
          },
          "end": {
            "line": 56,
            "column": 1
          }
        },
        "line": 51
      },
      "4": {
        "name": "(anonymous_4)",
        "decl": {
          "start": {
            "line": 58,
            "column": 24
          },
          "end": {
            "line": 58,
            "column": 25
          }
        },
        "loc": {
          "start": {
            "line": 58,
            "column": 44
          },
          "end": {
            "line": 63,
            "column": 1
          }
        },
        "line": 58
      },
      "5": {
        "name": "(anonymous_5)",
        "decl": {
          "start": {
            "line": 65,
            "column": 25
          },
          "end": {
            "line": 65,
            "column": 26
          }
        },
        "loc": {
          "start": {
            "line": 65,
            "column": 39
          },
          "end": {
            "line": 69,
            "column": 1
          }
        },
        "line": 65
      }
    },
    "branchMap": {
      "0": {
        "loc": {
          "start": {
            "line": 3,
            "column": 37
          },
          "end": {
            "line": 3,
            "column": 49
          }
        },
        "type": "default-arg",
        "locations": [
          {
            "start": {
              "line": 3,
              "column": 47
            },
            "end": {
              "line": 3,
              "column": 49
            }
          }
        ],
        "line": 3
      },
      "1": {
        "loc": {
          "start": {
            "line": 16,
            "column": 2
          },
          "end": {
            "line": 18,
            "column": 3
          }
        },
        "type": "if",
        "locations": [
          {
            "start": {
              "line": 16,
              "column": 2
            },
            "end": {
              "line": 18,
              "column": 3
            }
          },
          {
            "start": {},
            "end": {}
          }
        ],
        "line": 16
      },
      "2": {
        "loc": {
          "start": {
            "line": 22,
            "column": 2
          },
          "end": {
            "line": 34,
            "column": 3
          }
        },
        "type": "if",
        "locations": [
          {
            "start": {
              "line": 22,
              "column": 2
            },
            "end": {
              "line": 34,
              "column": 3
            }
          },
          {
            "start": {},
            "end": {}
          }
        ],
        "line": 22
      },
      "3": {
        "loc": {
          "start": {
            "line": 30,
            "column": 6
          },
          "end": {
            "line": 32,
            "column": 53
          }
        },
        "type": "cond-expr",
        "locations": [
          {
            "start": {
              "line": 31,
              "column": 10
            },
            "end": {
              "line": 31,
              "column": 19
            }
          },
          {
            "start": {
              "line": 32,
              "column": 10
            },
            "end": {
              "line": 32,
              "column": 53
            }
          }
        ],
        "line": 30
      },
      "4": {
        "loc": {
          "start": {
            "line": 32,
            "column": 10
          },
          "end": {
            "line": 32,
            "column": 53
          }
        },
        "type": "binary-expr",
        "locations": [
          {
            "start": {
              "line": 32,
              "column": 10
            },
            "end": {
              "line": 32,
              "column": 27
            }
          },
          {
            "start": {
              "line": 32,
              "column": 31
            },
            "end": {
              "line": 32,
              "column": 53
            }
          }
        ],
        "line": 32
      },
      "5": {
        "loc": {
          "start": {
            "line": 35,
            "column": 2
          },
          "end": {
            "line": 37,
            "column": 3
          }
        },
        "type": "if",
        "locations": [
          {
            "start": {
              "line": 35,
              "column": 2
            },
            "end": {
              "line": 37,
              "column": 3
            }
          },
          {
            "start": {},
            "end": {}
          }
        ],
        "line": 35
      }
    },
    "s": {
      "0": 3,
      "1": 3,
      "2": 3,
      "3": 3,
      "4": 3,
      "5": 3,
      "6": 3,
      "7": 1,
      "8": 1,
      "9": 0,
      "10": 1,
      "11": 1,
      "12": 2,
      "13": 0,
      "14": 2,
      "15": 9,
      "16": 0,
      "17": 9,
      "18": 3,
      "19": 9,
      "20": 0,
      "21": 9,
      "22": 0,
      "23": 9,
      "24": 0
    },
    "f": {
      "0": 3,
      "1": 0,
      "2": 3,
      "3": 0,
      "4": 0,
      "5": 0
    },
    "b": {
      "0": [
        0
      ],
      "1": [
        3,
        0
      ],
      "2": [
        1,
        2
      ],
      "3": [
        0,
        1
      ],
      "4": [
        1,
        0
      ],
      "5": [
        0,
        2
      ]
    },
    "inputSourceMap": {
      "version": 3,
      "sources": [
        "C:/Users/gabod/OneDrive/Desktop/LanGo_web/LanGo/src/services/api.js"
      ],
      "names": [],
      "mappings": "AAAA,MAAM,CAAC,CAAC,CAAC,YAAY,CAAC,CAAC,CAAC,IAAI,CAAC,CAAC,CAAC,CAAC,CAAC,MAAM,CAAC,GAAG,CAAC;;AAE5C,KAAK,CAAC,QAAQ,CAAC,WAAW,CAAC,QAAQ,CAAC,CAAC,OAAO,CAAC,CAAC,CAAC,CAAC,CAAC,CAAC,CAAC;AACnD,CAAC,CAAC,KAAK,CAAC,GAAG,CAAC,CAAC,CAAC,CAAC,CAAC,CAAC,YAAY,CAAC,CAAC,CAAC,QAAQ,CAAC,CAAC;;AAE1C,CAAC,CAAC,KAAK,CAAC,OAAO,CAAC,CAAC,CAAC;AAClB,CAAC,CAAC,CAAC,CAAC,CAAC,OAAO,CAAC,IAAI,CAAC,CAAC,CAAC,CAAC,WAAW,CAAC,IAAI,CAAC;AACtC,CAAC,CAAC,CAAC,CAAC,CAAC,CAAC,CAAC,OAAO,CAAC,OAAO;AACtB,CAAC,CAAC,CAAC;;AAEH,CAAC,CAAC,KAAK,CAAC,MAAM,CAAC,CAAC,CAAC;AACjB,CAAC,CAAC,CAAC,CAAC,CAAC,CAAC,CAAC,OAAO;AACd,CAAC,CAAC,CAAC,CAAC,OAAO;AACX,CAAC,CAAC,CAAC;;AAEH,CAAC,CAAC,EAAE,CAAC,CAAC,OAAO,CAAC,IAAI,CAAC,CAAC;AACpB,CAAC,CAAC,CAAC,CAAC,MAAM,CAAC,IAAI,CAAC,CAAC,CAAC,IAAI,CAAC,SAAS,CAAC,OAAO,CAAC,IAAI,CAAC;AAC9C,CAAC,CAAC;;AAEF,CAAC,CAAC,KAAK,CAAC,QAAQ,CAAC,CAAC,CAAC,KAAK,CAAC,KAAK,CAAC,GAAG,CAAC,CAAC,MAAM,CAAC;;AAE3C,CAAC,CAAC,EAAE,CAAC,CAAC,CAAC,QAAQ,CAAC,EAAE,CAAC,CAAC;AACpB,CAAC,CAAC,CAAC,CAAC,GAAG,CAAC,SAAS;AACjB,CAAC,CAAC,CAAC,CAAC,GAAG,CAAC;AACR,CAAC,CAAC,CAAC,CAAC,CAAC,CAAC,SAAS,CAAC,CAAC,CAAC,KAAK,CAAC,QAAQ,CAAC,IAAI,CAAC,CAAC;AACvC,CAAC,CAAC,CAAC,CAAC,CAAC,CAAC,KAAK,CAAC;AACZ,CAAC,CAAC,CAAC,CAAC,CAAC,CAAC,SAAS,CAAC,CAAC,CAAC,CAAC,CAAC,OAAO,CAAC,CAAC,QAAQ,CAAC,UAAU,CAAC,CAAC;AAClD,CAAC,CAAC,CAAC,CAAC;AACJ,CAAC,CAAC,CAAC,CAAC,KAAK,CAAC,YAAY,CAAC;AACvB,CAAC,CAAC,CAAC,CAAC,CAAC,CAAC,MAAM,CAAC,SAAS,CAAC,CAAC,CAAC,CAAC,CAAC,CAAC,MAAM;AAClC,CAAC,CAAC,CAAC,CAAC,CAAC,CAAC,CAAC,CAAC,CAAC,CAAC;AACV,CAAC,CAAC,CAAC,CAAC,CAAC,CAAC,CAAC,CAAC,CAAC,CAAC,SAAS,CAAC,OAAO,CAAC,CAAC,CAAC,CAAC,CAAC,SAAS,CAAC,IAAI,CAAC,KAAK,CAAC;AACrD,CAAC,CAAC,CAAC,CAAC,KAAK,CAAC,GAAG,CAAC,KAAK,CAAC,YAAY,CAAC;AACjC,CAAC,CAAC;AACF,CAAC,CAAC,EAAE,CAAC,CAAC,QAAQ,CAAC,MAAM,CAAC,CAAC,CAAC,CAAC,CAAC,GAAG,CAAC,CAAC;AAC/B,CAAC,CAAC,CAAC,CAAC,MAAM,CAAC,IAAI;AACf,CAAC,CAAC;;AAEF,CAAC,CAAC,MAAM,CAAC,QAAQ,CAAC,IAAI,CAAC,CAAC;AACxB;;AAEA,MAAM,CAAC,KAAK,CAAC,MAAM,CAAC,CAAC,CAAC,CAAC,QAAQ,CAAC,CAAC,CAAC,CAAC,CAAC,WAAW,CAAC,QAAQ,CAAC;;AAEzD,MAAM,CAAC,KAAK,CAAC,OAAO,CAAC,CAAC,CAAC,CAAC,QAAQ,CAAC,CAAC,IAAI,CAAC,CAAC,CAAC,CAAC,CAAC;AAC3C,CAAC,CAAC,MAAM,CAAC,WAAW,CAAC,QAAQ,CAAC,CAAC;AAC/B,CAAC,CAAC,CAAC,CAAC,MAAM,CAAC,CAAC,CAAC,IAAI,CAAC;AAClB,CAAC,CAAC,CAAC,CAAC,IAAI;AACR,CAAC,CAAC,CAAC,CAAC;AACJ,CAAC;;AAED,MAAM,CAAC,KAAK,CAAC,MAAM,CAAC,CAAC,CAAC,CAAC,QAAQ,CAAC,CAAC,IAAI,CAAC,CAAC,CAAC,CAAC,CAAC;AAC1C,CAAC,CAAC,MAAM,CAAC,WAAW,CAAC,QAAQ,CAAC,CAAC;AAC/B,CAAC,CAAC,CAAC,CAAC,MAAM,CAAC,CAAC,CAAC,GAAG,CAAC;AACjB,CAAC,CAAC,CAAC,CAAC,IAAI;AACR,CAAC,CAAC,CAAC,CAAC;AACJ,CAAC;;AAED,MAAM,CAAC,KAAK,CAAC,QAAQ,CAAC,CAAC,CAAC,CAAC,QAAQ,CAAC,CAAC,IAAI,CAAC,CAAC,CAAC,CAAC,CAAC;AAC5C,CAAC,CAAC,MAAM,CAAC,WAAW,CAAC,QAAQ,CAAC,CAAC;AAC/B,CAAC,CAAC,CAAC,CAAC,MAAM,CAAC,CAAC,CAAC,KAAK,CAAC;AACnB,CAAC,CAAC,CAAC,CAAC,IAAI;AACR,CAAC,CAAC,CAAC,CAAC;AACJ,CAAC;;AAED,MAAM,CAAC,KAAK,CAAC,SAAS,CAAC,CAAC,CAAC,CAAC,QAAQ,CAAC,CAAC,CAAC,CAAC,CAAC;AACvC,CAAC,CAAC,MAAM,CAAC,WAAW,CAAC,QAAQ,CAAC,CAAC;AAC/B,CAAC,CAAC,CAAC,CAAC,MAAM,CAAC,CAAC,CAAC,MAAM,CAAC;AACpB,CAAC,CAAC,CAAC,CAAC;AACJ,CAAC;;AAED,MAAM,CAAC,OAAO,CAAC;AACf,CAAC,CAAC,GAAG,CAAC,CAAC,MAAM;AACb,CAAC,CAAC,IAAI,CAAC,CAAC,OAAO;AACf,CAAC,CAAC,GAAG,CAAC,CAAC,MAAM;AACb,CAAC,CAAC,KAAK,CAAC,CAAC,QAAQ;AACjB,CAAC,CAAC,MAAM,CAAC,CAAC,SAAS;AACnB,CAAC;"
    },
    "_coverageSchema": "1a1c01bbd47fc00a2c39e90264f33305004495a9",
    "hash": "e8ab32846191faa251f719489fb88cd2d836449f"
  },
  "C:/Users/gabod/OneDrive/Desktop/LanGo_web/LanGo/src/context/AuthContext.jsx": {
    "path": "C:/Users/gabod/OneDrive/Desktop/LanGo_web/LanGo/src/context/AuthContext.jsx",
    "statementMap": {
      "0": {
        "start": {
          "line": 2,
          "column": 9
        },
        "end": {
          "line": 2,
          "column": 23
        }
      },
      "1": {
        "start": {
          "line": 2,
          "column": 31
        },
        "end": {
          "line": 2,
          "column": 45
        }
      },
      "2": {
        "start": {
          "line": 5,
          "column": 27
        },
        "end": {
          "line": 5,
          "column": 48
        }
      },
      "3": {
        "start": {
          "line": 6,
          "column": 28
        },
        "end": {
          "line": 73,
          "column": 1
        }
      },
      "4": {
        "start": {
          "line": 7,
          "column": 2
        },
        "end": {
          "line": 7,
          "column": 7
        }
      },
      "5": {
        "start": {
          "line": 8,
          "column": 26
        },
        "end": {
          "line": 8,
          "column": 40
        }
      },
      "6": {
        "start": {
          "line": 9,
          "column": 36
        },
        "end": {
          "line": 9,
          "column": 50
        }
      },
      "7": {
        "start": {
          "line": 10,
          "column": 2
        },
        "end": {
          "line": 21,
          "column": 9
        }
      },
      "8": {
        "start": {
          "line": 11,
          "column": 23
        },
        "end": {
          "line": 11,
          "column": 51
        }
      },
      "9": {
        "start": {
          "line": 12,
          "column": 4
        },
        "end": {
          "line": 19,
          "column": 5
        }
      },
      "10": {
        "start": {
          "line": 13,
          "column": 6
        },
        "end": {
          "line": 18,
          "column": 7
        }
      },
      "11": {
        "start": {
          "line": 14,
          "column": 8
        },
        "end": {
          "line": 14,
          "column": 40
        }
      },
      "12": {
        "start": {
          "line": 16,
          "column": 8
        },
        "end": {
          "line": 16,
          "column": 61
        }
      },
      "13": {
        "start": {
          "line": 17,
          "column": 8
        },
        "end": {
          "line": 17,
          "column": 40
        }
      },
      "14": {
        "start": {
          "line": 20,
          "column": 4
        },
        "end": {
          "line": 20,
          "column": 24
        }
      },
      "15": {
        "start": {
          "line": 22,
          "column": 16
        },
        "end": {
          "line": 34,
          "column": 3
        }
      },
      "16": {
        "start": {
          "line": 23,
          "column": 4
        },
        "end": {
          "line": 33,
          "column": 5
        }
      },
      "17": {
        "start": {
          "line": 24,
          "column": 23
        },
        "end": {
          "line": 24,
          "column": 72
        }
      },
      "18": {
        "start": {
          "line": 25,
          "column": 37
        },
        "end": {
          "line": 25,
          "column": 45
        }
      },
      "19": {
        "start": {
          "line": 26,
          "column": 6
        },
        "end": {
          "line": 26,
          "column": 58
        }
      },
      "20": {
        "start": {
          "line": 27,
          "column": 6
        },
        "end": {
          "line": 27,
          "column": 54
        }
      },
      "21": {
        "start": {
          "line": 27,
          "column": 17
        },
        "end": {
          "line": 27,
          "column": 54
        }
      },
      "22": {
        "start": {
          "line": 28,
          "column": 6
        },
        "end": {
          "line": 28,
          "column": 21
        }
      },
      "23": {
        "start": {
          "line": 29,
          "column": 6
        },
        "end": {
          "line": 29,
          "column": 44
        }
      },
      "24": {
        "start": {
          "line": 31,
          "column": 6
        },
        "end": {
          "line": 31,
          "column": 44
        }
      },
      "25": {
        "start": {
          "line": 32,
          "column": 6
        },
        "end": {
          "line": 32,
          "column": 72
        }
      },
      "26": {
        "start": {
          "line": 35,
          "column": 17
        },
        "end": {
          "line": 47,
          "column": 3
        }
      },
      "27": {
        "start": {
          "line": 36,
          "column": 4
        },
        "end": {
          "line": 46,
          "column": 5
        }
      },
      "28": {
        "start": {
          "line": 37,
          "column": 23
        },
        "end": {
          "line": 37,
          "column": 64
        }
      },
      "29": {
        "start": {
          "line": 38,
          "column": 37
        },
        "end": {
          "line": 38,
          "column": 45
        }
      },
      "30": {
        "start": {
          "line": 39,
          "column": 6
        },
        "end": {
          "line": 39,
          "column": 58
        }
      },
      "31": {
        "start": {
          "line": 40,
          "column": 6
        },
        "end": {
          "line": 40,
          "column": 54
        }
      },
      "32": {
        "start": {
          "line": 40,
          "column": 17
        },
        "end": {
          "line": 40,
          "column": 54
        }
      },
      "33": {
        "start": {
          "line": 41,
          "column": 6
        },
        "end": {
          "line": 41,
          "column": 21
        }
      },
      "34": {
        "start": {
          "line": 42,
          "column": 6
        },
        "end": {
          "line": 42,
          "column": 44
        }
      },
      "35": {
        "start": {
          "line": 44,
          "column": 6
        },
        "end": {
          "line": 44,
          "column": 45
        }
      },
      "36": {
        "start": {
          "line": 45,
          "column": 6
        },
        "end": {
          "line": 45,
          "column": 79
        }
      },
      "37": {
        "start": {
          "line": 48,
          "column": 17
        },
        "end": {
          "line": 52,
          "column": 3
        }
      },
      "38": {
        "start": {
          "line": 49,
          "column": 4
        },
        "end": {
          "line": 49,
          "column": 36
        }
      },
      "39": {
        "start": {
          "line": 50,
          "column": 4
        },
        "end": {
          "line": 50,
          "column": 37
        }
      },
      "40": {
        "start": {
          "line": 51,
          "column": 4
        },
        "end": {
          "line": 51,
          "column": 18
        }
      },
      "41": {
        "start": {
          "line": 53,
          "column": 16
        },
        "end": {
          "line": 60,
          "column": 3
        }
      },
      "42": {
        "start": {
          "line": 61,
          "column": 2
        },
        "end": {
          "line": 67,
          "column": 3
        }
      },
      "43": {
        "start": {
          "line": 62,
          "column": 4
        },
        "end": {
          "line": 66,
          "column": 13
        }
      },
      "44": {
        "start": {
          "line": 68,
          "column": 2
        },
        "end": {
          "line": 72,
          "column": 11
        }
      },
      "45": {
        "start": {
          "line": 74,
          "column": 0
        },
        "end": {
          "line": 74,
          "column": 49
        }
      },
      "46": {
        "start": {
          "line": 75,
          "column": 0
        },
        "end": {
          "line": 75,
          "column": 18
        }
      },
      "47": {
        "start": {
          "line": 76,
          "column": 23
        },
        "end": {
          "line": 83,
          "column": 1
        }
      },
      "48": {
        "start": {
          "line": 77,
          "column": 2
        },
        "end": {
          "line": 77,
          "column": 8
        }
      },
      "49": {
        "start": {
          "line": 78,
          "column": 18
        },
        "end": {
          "line": 78,
          "column": 41
        }
      },
      "50": {
        "start": {
          "line": 79,
          "column": 2
        },
        "end": {
          "line": 81,
          "column": 3
        }
      },
      "51": {
        "start": {
          "line": 80,
          "column": 4
        },
        "end": {
          "line": 80,
          "column": 67
        }
      },
      "52": {
        "start": {
          "line": 82,
          "column": 2
        },
        "end": {
          "line": 82,
          "column": 17
        }
      },
      "53": {
        "start": {
          "line": 84,
          "column": 0
        },
        "end": {
          "line": 84,
          "column": 45
        }
      },
      "54": {
        "start": {
          "line": 86,
          "column": 0
        },
        "end": {
          "line": 86,
          "column": 33
        }
      },
      "55": {
        "start": {
          "line": 88,
          "column": 20
        },
        "end": {
          "line": 88,
          "column": 97
        }
      },
      "56": {
        "start": {
          "line": 89,
          "column": 0
        },
        "end": {
          "line": 103,
          "column": 1
        }
      },
      "57": {
        "start": {
          "line": 90,
          "column": 2
        },
        "end": {
          "line": 94,
          "column": 3
        }
      },
      "58": {
        "start": {
          "line": 91,
          "column": 4
        },
        "end": {
          "line": 93,
          "column": 6
        }
      },
      "59": {
        "start": {
          "line": 95,
          "column": 2
        },
        "end": {
          "line": 102,
          "column": 5
        }
      },
      "60": {
        "start": {
          "line": 96,
          "column": 4
        },
        "end": {
          "line": 96,
          "column": 145
        }
      },
      "61": {
        "start": {
          "line": 97,
          "column": 4
        },
        "end": {
          "line": 101,
          "column": 7
        }
      },
      "62": {
        "start": {
          "line": 98,
          "column": 6
        },
        "end": {
          "line": 98,
          "column": 31
        }
      },
      "63": {
        "start": {
          "line": 98,
          "column": 24
        },
        "end": {
          "line": 98,
          "column": 31
        }
      },
      "64": {
        "start": {
          "line": 99,
          "column": 32
        },
        "end": {
          "line": 99,
          "column": 194
        }
      },
      "65": {
        "start": {
          "line": 100,
          "column": 6
        },
        "end": {
          "line": 100,
          "column": 75
        }
      },
      "66": {
        "start": {
          "line": 100,
          "column": 29
        },
        "end": {
          "line": 100,
          "column": 75
        }
      },
      "67": {
        "start": {
          "line": 105,
          "column": 2
        },
        "end": {
          "line": 105,
          "column": 124
        }
      },
      "68": {
        "start": {
          "line": 108,
          "column": 2
        },
        "end": {
          "line": 108,
          "column": 62
        }
      }
    },
    "fnMap": {
      "0": {
        "name": "(anonymous_0)",
        "decl": {
          "start": {
            "line": 6,
            "column": 28
          },
          "end": {
            "line": 6,
            "column": 29
          }
        },
        "loc": {
          "start": {
            "line": 6,
            "column": 46
          },
          "end": {
            "line": 73,
            "column": 1
          }
        },
        "line": 6
      },
      "1": {
        "name": "(anonymous_1)",
        "decl": {
          "start": {
            "line": 10,
            "column": 12
          },
          "end": {
            "line": 10,
            "column": 13
          }
        },
        "loc": {
          "start": {
            "line": 10,
            "column": 18
          },
          "end": {
            "line": 21,
            "column": 3
          }
        },
        "line": 10
      },
      "2": {
        "name": "(anonymous_2)",
        "decl": {
          "start": {
            "line": 22,
            "column": 16
          },
          "end": {
            "line": 22,
            "column": 17
          }
        },
        "loc": {
          "start": {
            "line": 22,
            "column": 43
          },
          "end": {
            "line": 34,
            "column": 3
          }
        },
        "line": 22
      },
      "3": {
        "name": "(anonymous_3)",
        "decl": {
          "start": {
            "line": 35,
            "column": 17
          },
          "end": {
            "line": 35,
            "column": 18
          }
        },
        "loc": {
          "start": {
            "line": 35,
            "column": 37
          },
          "end": {
            "line": 47,
            "column": 3
          }
        },
        "line": 35
      },
      "4": {
        "name": "(anonymous_4)",
        "decl": {
          "start": {
            "line": 48,
            "column": 17
          },
          "end": {
            "line": 48,
            "column": 18
          }
        },
        "loc": {
          "start": {
            "line": 48,
            "column": 23
          },
          "end": {
            "line": 52,
            "column": 3
          }
        },
        "line": 48
      },
      "5": {
        "name": "(anonymous_5)",
        "decl": {
          "start": {
            "line": 76,
            "column": 23
          },
          "end": {
            "line": 76,
            "column": 24
          }
        },
        "loc": {
          "start": {
            "line": 76,
            "column": 29
          },
          "end": {
            "line": 83,
            "column": 1
          }
        },
        "line": 76
      },
      "6": {
        "name": "(anonymous_6)",
        "decl": {
          "start": {
            "line": 95,
            "column": 52
          },
          "end": {
            "line": 95,
            "column": 53
          }
        },
        "loc": {
          "start": {
            "line": 95,
            "column": 72
          },
          "end": {
            "line": 102,
            "column": 3
          }
        },
        "line": 95
      },
      "7": {
        "name": "(anonymous_7)",
        "decl": {
          "start": {
            "line": 97,
            "column": 27
          },
          "end": {
            "line": 97,
            "column": 28
          }
        },
        "loc": {
          "start": {
            "line": 97,
            "column": 44
          },
          "end": {
            "line": 101,
[...]
  },
  "C:/Users/gabod/OneDrive/Desktop/LanGo_web/LanGo/src/pages/NotFoundPage.jsx": {
    "path": "C:/Users/gabod/OneDrive/Desktop/LanGo_web/LanGo/src/pages/NotFoundPage.jsx",
    "statementMap": {
      "0": {
        "start": {
          "line": 2,
          "column": 9
        },
        "end": {
          "line": 2,
          "column": 23
        }
      },
      "1": {
        "start": {
          "line": 8,
          "column": 21
        },
        "end": {
          "line": 140,
          "column": 1
        }
      },
      "2": {
        "start": {
          "line": 9,
          "column": 2
        },
        "end": {
          "line": 9,
          "column": 7
        }
      },
      "3": {
        "start": {
          "line": 10,
          "column": 19
        },
        "end": {
          "line": 10,
          "column": 32
        }
      },
      "4": {
        "start": {
          "line": 11,
          "column": 23
        },
        "end": {
          "line": 13,
          "column": 3
        }
      },
      "5": {
        "start": {
          "line": 12,
          "column": 4
        },
        "end": {
          "line": 12,
          "column": 18
        }
      },
      "6": {
        "start": {
          "line": 14,
          "column": 23
        },
        "end": {
          "line": 16,
          "column": 3
        }
      },
      "7": {
        "start": {
          "line": 15,
          "column": 4
        },
        "end": {
          "line": 15,
          "column": 17
        }
      },
      "8": {
        "start": {
          "line": 17,
          "column": 2
        },
        "end": {
          "line": 139,
          "column": 11
        }
      },
      "9": {
        "start": {
          "line": 19,
          "column": 36
        },
        "end": {
          "line": 34,
          "column": 14
        }
      },
      "10": {
        "start": {
          "line": 141,
          "column": 0
        },
        "end": {
          "line": 143,
          "column": 3
        }
      },
      "11": {
        "start": {
          "line": 142,
          "column": 2
        },
        "end": {
          "line": 142,
          "column": 23
        }
      },
      "12": {
        "start": {
          "line": 144,
          "column": 0
        },
        "end": {
          "line": 144,
          "column": 18
        }
      },
      "13": {
        "start": {
          "line": 147,
          "column": 0
        },
        "end": {
          "line": 147,
          "column": 33
        }
      },
      "14": {
        "start": {
          "line": 149,
          "column": 20
        },
        "end": {
          "line": 149,
          "column": 97
        }
      },
      "15": {
        "start": {
          "line": 150,
          "column": 0
        },
        "end": {
          "line": 164,
          "column": 1
        }
      },
      "16": {
        "start": {
          "line": 151,
          "column": 2
        },
        "end": {
          "line": 155,
          "column": 3
        }
      },
      "17": {
        "start": {
          "line": 152,
          "column": 4
        },
        "end": {
          "line": 154,
          "column": 6
        }
      },
      "18": {
        "start": {
          "line": 156,
          "column": 2
        },
        "end": {
          "line": 163,
          "column": 5
        }
      },
      "19": {
        "start": {
          "line": 157,
          "column": 4
        },
        "end": {
          "line": 157,
          "column": 144
        }
      },
      "20": {
        "start": {
          "line": 158,
          "column": 4
        },
        "end": {
          "line": 162,
          "column": 7
        }
      },
      "21": {
        "start": {
          "line": 159,
          "column": 6
        },
        "end": {
          "line": 159,
          "column": 31
        }
      },
      "22": {
        "start": {
          "line": 159,
          "column": 24
        },
        "end": {
          "line": 159,
          "column": 31
        }
      },
      "23": {
        "start": {
          "line": 160,
          "column": 32
        },
        "end": {
          "line": 160,
          "column": 193
        }
      },
      "24": {
        "start": {
          "line": 161,
          "column": 6
        },
        "end": {
          "line": 161,
          "column": 75
        }
      },
      "25": {
        "start": {
          "line": 161,
          "column": 29
        },
        "end": {
          "line": 161,
          "column": 75
        }
      },
      "26": {
        "start": {
          "line": 166,
          "column": 2
        },
        "end": {
          "line": 166,
          "column": 123
        }
      },
      "27": {
        "start": {
          "line": 169,
          "column": 2
        },
        "end": {
          "line": 169,
          "column": 62
        }
      }
    },
    "fnMap": {
      "0": {
        "name": "(anonymous_0)",
        "decl": {
          "start": {
            "line": 8,
            "column": 21
          },
          "end": {
            "line": 8,
            "column": 22
          }
        },
        "loc": {
          "start": {
            "line": 8,
            "column": 27
          },
          "end": {
            "line": 140,
            "column": 1
          }
        },
        "line": 8
      },
      "1": {
        "name": "(anonymous_1)",
        "decl": {
          "start": {
            "line": 11,
            "column": 23
          },
          "end": {
            "line": 11,
            "column": 24
          }
        },
        "loc": {
          "start": {
            "line": 11,
            "column": 29
          },
          "end": {
            "line": 13,
            "column": 3
          }
        },
        "line": 11
      },
      "2": {
        "name": "(anonymous_2)",
        "decl": {
          "start": {
            "line": 14,
            "column": 23
          },
          "end": {
            "line": 14,
            "column": 24
          }
        },
        "loc": {
          "start": {
            "line": 14,
            "column": 29
          },
          "end": {
            "line": 16,
            "column": 3
          }
        },
        "line": 14
      },
      "3": {
        "name": "(anonymous_3)",
        "decl": {
          "start": {
            "line": 19,
            "column": 6
          },
          "end": {
            "line": 19,
            "column": 7
          }
        },
        "loc": {
          "start": {
            "line": 19,
            "column": 36
          },
          "end": {
            "line": 34,
            "column": 14
          }
        },
        "line": 19
      },
      "4": {
        "name": "(anonymous_4)",
        "decl": {
          "start": {
            "line": 141,
            "column": 56
          },
          "end": {
            "line": 141,
            "column": 57
          }
        },
        "loc": {
          "start": {
            "line": 141,
            "column": 67
          },
          "end": {
            "line": 143,
            "column": 1
          }
        },
        "line": 141
      },
      "5": {
        "name": "(anonymous_5)",
        "decl": {
          "start": {
            "line": 156,
            "column": 52
          },
          "end": {
            "line": 156,
            "column": 53
          }
        },
        "loc": {
          "start": {
            "line": 156,
            "column": 72
          },
          "end": {
            "line": 163,
            "column": 3
          }
        },
        "line": 156
      },
      "6": {
        "name": "(anonymous_6)",
        "decl": {
          "start": {
            "line": 158,
            "column": 27
          },
          "end": {
            "line": 158,
            "column": 28
          }
        },
        "loc": {
          "start": {
            "line": 158,
            "column": 44
          },
          "end": {
            "line": 162,
            "column": 5
          }
        },
        "line": 158
      },
      "7": {
        "name": "$RefreshReg$",
        "decl": {
          "start": {
            "line": 165,
            "column": 9
          },
          "end": {
            "line": 165,
            "column": 21
          }
        },
        "loc": {
          "start": {
            "line": 165,
            "column": 32
          },
          "end": {
            "line": 167,
            "column": 1
          }
        },
        "line": 165
      },
      "8": {
        "name": "$RefreshSig$",
        "decl": {
          "start": {
            "line": 168,
            "column": 9
          },
          "end": {
            "line": 168,
            "column": 21
          }
        },
        "loc": {
          "start": {
            "line": 168,
            "column": 24
          },
          "end": {
            "line": 170,
            "column": 1
          }
        },
        "line": 168
      }
    },
    "branchMap": {
      "0": {
        "loc": {
          "start": {
            "line": 149,
            "column": 20
          },
          "end": {
            "line": 149,
            "column": 97
          }
        },
        "type": "binary-expr",
        "locations": [
          {
            "start": {
              "line": 149,
              "column": 20
            },
            "end": {
              "line": 149,
              "column": 60
            }
          },
          {
            "start": {
              "line": 149,
              "column": 64
            },
            "end": {
              "line": 149,
              "column": 97
            }
          }
        ],
        "line": 149
      },
      "1": {
        "loc": {
          "start": {
            "line": 150,
            "column": 0
          },
          "end": {
            "line": 164,
            "column": 1
          }
        },
        "type": "if",
        "locations": [
          {
            "start": {
              "line": 150,
              "column": 0
            },
            "end": {
              "line": 164,
              "column": 1
            }
          },
          {
            "start": {},
            "end": {}
          }
        ],
        "line": 150
      },
      "2": {
        "loc": {
          "start": {
            "line": 150,
            "column": 4
          },
          "end": {
            "line": 150,
            "column": 35
          }
        },
        "type": "binary-expr",
        "locations": [
          {
            "start": {
              "line": 150,
              "column": 4
            },
            "end": {
              "line": 150,
              "column": 19
            }
          },
          {
            "start": {
              "line": 150,
              "column": 23
            },
            "end": {
              "line": 150,
              "column": 35
            }
          }
        ],
        "line": 150
      },
      "3": {
        "loc": {
          "start": {
            "line": 151,
            "column": 2
          },
          "end": {
            "line": 155,
            "column": 3
          }
        },
        "type": "if",
        "locations": [
          {
            "start": {
              "line": 151,
              "column": 2
            },
            "end": {
              "line": 155,
              "column": 3
            }
          },
          {
            "start": {},
            "end": {}
          }
        ],
        "line": 151
      },
      "4": {
        "loc": {
          "start": {
            "line": 159,
            "column": 6
          },
          "end": {
            "line": 159,
            "column": 31
          }
        },
        "type": "if",
        "locations": [
          {
            "start": {
              "line": 159,
              "column": 6
            },
            "end": {
              "line": 159,
              "column": 31
            }
          },
          {
            "start": {},
            "end": {}
          }
        ],
        "line": 159
      },
      "5": {
        "loc": {
          "start": {
            "line": 161,
            "column": 6
          },
          "end": {
            "line": 161,
            "column": 75
          }
        },
        "type": "if",
        "locations": [
          {
            "start": {
              "line": 161,
              "column": 6
            },
            "end": {
              "line": 161,
              "column": 75
            }
          },
          {
            "start": {},
            "end": {}
          }
        ],
        "line": 161
      }
    },
    "s": {
      "0": 9,
      "1": 9,
      "2": 0,
      "3": 0,
      "4": 0,
      "5": 0,
      "6": 0,
      "7": 0,
      "8": 0,
      "9": 0,
      "10": 9,
      "11": 0,
      "12": 9,
      "13": 9,
      "14": 9,
      "15": 9,
      "16": 9,
      "17": 0,
      "18": 9,
      "19": 9,
      "20": 9,
      "21": 0,
      "22": 0,
      "23": 0,
      "24": 0,
      "25": 0,
      "26": 9,
      "27": 9
    },
    "f": {
      "0": 0,
      "1": 0,
      "2": 0,
      "3": 0,
      "4": 0,
      "5": 9,
      "6": 0,
      "7": 9,
      "8": 9
    },
    "b": {
      "0": [
        9,
        0
      ],
      "1": [
        9,
        0
      ],
      "2": [
        9,
        9
      ],
      "3": [
        0,
        9
      ],
      "4": [
        0,
        0
      ],
      "5": [
        0,
        0
      ]
    },
    "inputSourceMap": {
      "version": 3,
      "mappings": "AAsBY;;AAtBZ,OAAOA,WAAW;AAClB,SAASC,mBAAmB;AAC5B,SAASC,eAAe;AACxB,OAAOC,YAAY;AACnB,OAAOC,YAAY;AAEnB,MAAMC,eAAeA,MAAM;AAAAC,KAAA;AACzB,QAAMC,WAAWN,YAAY;AAE7B,QAAMO,eAAeA,MAAM;AACzBD,aAAS,GAAG;AAAA,EACd;AAEA,QAAME,eAAeA,MAAM;AACzBF,aAAS,EAAE;AAAA,EACb;AAEA,SACE,uBAAC,SAAI,WAAWH,OAAOM,iBACrB;AAAA,2BAAC,SAAI,WAAWN,OAAOO,gBACpB,WAAC,GAAGC,MAAM,CAAC,CAAC,EAAEC;AAAAA,MAAI,CAACC,GAAGC,UACrB,uBAAC,SAAgB,WAAWX,OAAOY,MACjC;AAAA,+BAAC,SAAI,WAAWZ,OAAOa,WAAvB;AAAA;AAAA;AAAA;AAAA,eAAgC;AAAA,QAChC,uBAAC,SAAI,WAAWb,OAAOc,cAAvB;AAAA;AAAA;AAAA;AAAA,eAAmC;AAAA,WAF3BH,OAAV;AAAA;AAAA;AAAA;AAAA,aAGA;AAAA,IACD,KANH;AAAA;AAAA;AAAA;AAAA,WAOA;AAAA,IAEA,uBAAC,SAAI,WAAWX,OAAOe,SACrB;AAAA,6BAAC,SAAI,WAAWf,OAAOgB,WAAW,mBAAlC;AAAA;AAAA;AAAA;AAAA,aAAqC;AAAA,MACrC,uBAAC,QAAG,WAAWhB,OAAOiB,OAAO,oCAA7B;AAAA;AAAA;AAAA;AAAA,aAAiD;AAAA,MACjD,uBAAC,OAAE,WAAWjB,OAAOkB,aAAY;AAAA;AAAA,QAE/B,uBAAC,UAAD;AAAA;AAAA;AAAA;AAAA,eAAG;AAAA;AAAA,WAFL;AAAA;AAAA;AAAA;AAAA,aAIA;AAAA,MAEA,uBAAC,SAAI,WAAWlB,OAAOmB,cACrB;AAAA,+BAAC,UAAK,WAAWnB,OAAOoB,OAAO,mBAA/B;AAAA;AAAA;AAAA;AAAA,eAAkC;AAAA,QAClC,uBAAC,UAAK,WAAWpB,OAAOoB,OAAO,iBAA/B;AAAA;AAAA;AAAA;AAAA,eAAgC;AAAA,QAChC,uBAAC,UAAK,WAAWpB,OAAOoB,OAAO,kBAA/B;AAAA;AAAA;AAAA;AAAA,eAAiC;AAAA,WAHnC;AAAA;AAAA;AAAA;AAAA,aAIA;AAAA,MAEA,uBAAC,SAAI,WAAWpB,OAAOqB,aACrB;AAAA;AAAA,UAAC;AAAA;AAAA,YACC,SAAQ;AAAA,YACR,WAAWrB,OAAOsB;AAAAA,YAClB,SAASlB;AAAAA,YAAa;AAAA;AAAA,UAHxB;AAAA;AAAA;AAAA;AAAA;AAAA;AAAA;AAAA;AAAA,QAMA;AAAA,QACA;AAAA,UAAC;AAAA;AAAA,YACC,SAAQ;AAAA,YACR,WAAWJ,OAAOuB;AAAAA,YAClB,SAASlB;AAAAA,YAAa;AAAA;AAAA,UAHxB;AAAA;AAAA;AAAA;AAAA;AAAA;AAAA;AAAA;AAAA,QAMA;AAAA,WAdF;AAAA;AAAA;AAAA;AAAA,aAeA;AAAA,MAEA,uBAAC,OAAE,WAAWL,OAAOwB,MAAK,yEAA1B;AAAA;AAAA;AAAA;AAAA,aAEA;AAAA,SAlCF;AAAA;AAAA;AAAA;AAAA,WAmCA;AAAA,OA7CF;AAAA;AAAA;AAAA;AAAA,SA8CA;AAEJ;AAAEtB,GA5DID,cAAY;AAAA,UACCJ,WAAW;AAAA;AAAA4B,KADxBxB;AA8DN,eAAeA;AAAa,IAAAwB;AAAAC,aAAAD,IAAA",
      "names": [
        "React",
        "useNavigate",
        "useAuth",
        "Button",
        "styles",
        "NotFoundPage",
        "_s",
        "navigate",
        "handleGoHome",
        "handleGoBack",
        "notFoundWrapper",
        "ringsContainer",
        "Array",
        "map",
        "_",
        "index",
        "ring",
        "ringTab",
        "ringCircle",
        "content",
        "errorCode",
        "title",
        "description",
        "illustration",
        "emoji",
        "buttonGroup",
        "homeButton",
        "backButton",
        "hint",
        "_c",
        "$RefreshReg$"
      ],
      "ignoreList": [],
      "sources": [
        "C:/Users/gabod/OneDrive/Desktop/LanGo_web/LanGo/src/pages/NotFoundPage.jsx"
      ],
      "file": "C:/Users/gabod/OneDrive/Desktop/LanGo_web/LanGo/src/pages/NotFoundPage.jsx"
    },
    "_coverageSchema": "1a1c01bbd47fc00a2c39e90264f33305004495a9",
    "hash": "34a2ab41108b1343e50d7899ea344eac91b13fc0"
  },
  "C:/Users/gabod/OneDrive/Desktop/LanGo_web/LanGo/src/router.jsx": {
    "path": "C:/Users/gabod/OneDrive/Desktop/LanGo_web/LanGo/src/router.jsx",
    "statementMap": {
      "0": {
        "start": {
          "line": 8,
          "column": 15
        },
        "end": {
          "line": 71,
          "column": 1
        }
      }
    },
    "fnMap": {},
    "branchMap": {},
    "s": {
      "0": 9
    },
    "f": {},
    "b": {},
    "inputSourceMap": {
      "version": 3,
      "mappings": "AAUa;AAVb,SAASA,2BAA2B;AACpC,OAAOC,gBAAgB;AACvB,OAAOC,aAAa;AACpB,OAAOC,eAAe;AACtB,OAAOC,cAAc;AACrB,OAAOC,kBAAkB;AAEzB,MAAMC,SAASN;AAAAA,EAAoB;AAAA,IACjC;AAAA,MACEO,MAAM;AAAA,MACNC,SAAS,uBAAC,aAAD;AAAA;AAAA;AAAA;AAAA,aAAQ;AAAA,IACnB;AAAA,IACA;AAAA,MACED,MAAM;AAAA,MACNC,SAAS,uBAAC,gBAAD;AAAA;AAAA;AAAA;AAAA,aAAW;AAAA,MACpBC,UAAU;AAAA,QACR;AAAA,UACEC,OAAO;AAAA,UACPF,SAAS,uBAAC,eAAD;AAAA;AAAA;AAAA;AAAA,iBAAU;AAAA,QACrB;AAAA,QACA;AAAA,UACED,MAAM;AAAA,UACNC,SAAS,uBAAC,YAAS,UAAS,aAAnB;AAAA;AAAA;AAAA;AAAA,iBAA4B;AAAA,QACvC;AAAA,MAAC;AAAA,IAEL;AAAA,IACA;AAAA,MACED,MAAM;AAAA,MACNC,SAAS,uBAAC,gBAAD;AAAA;AAAA;AAAA;AAAA,aAAW;AAAA,MACpBC,UAAU;AAAA,QACR;AAAA,UACEC,OAAO;AAAA,UACPF,SAAS,uBAAC,YAAS,UAAS,aAAnB;AAAA;AAAA;AAAA;AAAA,iBAA4B;AAAA,QACvC;AAAA,MAAC;AAAA,IAEL;AAAA,IACA;AAAA,MACED,MAAM;AAAA,MACNC,SAAS,uBAAC,kBAAD;AAAA;AAAA;AAAA;AAAA,aAAa;AAAA,IACxB;AAAA,EAAC;AACF;AAED,eAAeF",
      "names": [
        "createBrowserRouter",
        "MainLayout",
        "RegPage",
        "TeachPage",
        "StudPage",
        "NotFoundPage",
        "router",
        "path",
        "element",
        "children",
        "index"
      ],
      "ignoreList": [],
      "sources": [
        "C:/Users/gabod/OneDrive/Desktop/LanGo_web/LanGo/src/router.jsx"
      ],
      "file": "C:/Users/gabod/OneDrive/Desktop/LanGo_web/LanGo/src/router.jsx"
    },
    "_coverageSchema": "1a1c01bbd47fc00a2c39e90264f33305004495a9",
    "hash": "ecf01f21ebebb85e243eac14fd229954e1d6be9e"
  },
  "C:/Users/gabod/OneDrive/Desktop/LanGo_web/LanGo/src/main.jsx": {
    "path": "C:/Users/gabod/OneDrive/Desktop/LanGo_web/LanGo/src/main.jsx",
    "statementMap": {
      "0": {
        "start": {
          "line": 10,
          "column": 0
        },
        "end": {
          "line": 28,
          "column": 2
        }
      }
    },
    "fnMap": {},
    "branchMap": {},
    "s": {
      "0": 9
    },
    "f": {},
    "b": {},
    "inputSourceMap": {
      "version": 3,
      "mappings": "AAaQ;AAbR,OAAOA,WAAW;AAClB,OAAOC,cAAc;AACrB,SAASC,sBAAsB;AAC/B,SAASC,qBAAqB;AAC9B,SAASC,oBAAoB;AAC7B,OAAOC,YAAY;AACnB,OAAO;AACP,OAAO;AAEPJ,SAASK,WAAWC,SAASC,eAAe,KAAK,CAAC,EAAEC;AAAAA,EAClD,uBAAC,MAAM,YAAN,EACC,iCAAC,gBACC,iCAAC,iBACC,iCAAC,kBAAe,UAAhB;AAAA;AAAA;AAAA;AAAA,SAA+B,KADjC;AAAA;AAAA;AAAA;AAAA,SAEA,KAHF;AAAA;AAAA;AAAA;AAAA,SAIA,KALF;AAAA;AAAA;AAAA;AAAA,SAMA;AACF",
      "names": [
        "React",
        "ReactDOM",
        "RouterProvider",
        "ModalProvider",
        "AuthProvider",
        "router",
        "createRoot",
        "document",
        "getElementById",
        "render"
      ],
      "ignoreList": [],
      "sources": [
        "C:/Users/gabod/OneDrive/Desktop/LanGo_web/LanGo/src/main.jsx"
      ],
      "file": "C:/Users/gabod/OneDrive/Desktop/LanGo_web/LanGo/src/main.jsx"
    },
    "_coverageSchema": "1a1c01bbd47fc00a2c39e90264f33305004495a9",
    "hash": "c6241868f140c71142fe0a1e7a418a48b8787846"
  }
}