{
  "C:/Users/gabod/OneDrive/Desktop/LanGo_web/LanGo/src/components/common/TextArea.jsx": {
    "path": "C:/Users/gabod/OneDrive/Desktop/LanGo_web/LanGo/src/components/common/TextArea.jsx",
    "statementMap": {
      "0": {
        "start": {
          "line": 4,
          "column": 17
        },
        "end": {
          "line": 21,
          "column": 1
        }
      },
      "1": {
        "start": {
          "line": 5,
          "column": 2
        },
        "end": {
          "line": 20,
          "column": 4
        }
      },
      "2": {
        "start": {
          "line": 22,
          "column": 0
        },
        "end": {
          "line": 22,
          "column": 14
        }
      },
      "3": {
        "start": {
          "line": 25,
          "column": 0
        },
        "end": {
          "line": 25,
          "column": 29
        }
      },
      "4": {
        "start": {
          "line": 27,
          "column": 20
        },
        "end": {
          "line": 27,
          "column": 97
        }
      },
      "5": {
        "start": {
          "line": 28,
          "column": 0
        },
        "end": {
          "line": 42,
          "column": 1
        }
      },
      "6": {
        "start": {
          "line": 29,
          "column": 2
        },
        "end": {
          "line": 33,
          "column": 3
        }
      },
      "7": {
        "start": {
          "line": 30,
          "column": 4
        },
        "end": {
          "line": 32,
          "column": 6
        }
      },
      "8": {
        "start": {
          "line": 34,
          "column": 2
        },
        "end": {
          "line": 41,
          "column": 5
        }
      },
      "9": {
        "start": {
          "line": 35,
          "column": 4
        },
        "end": {
          "line": 35,
          "column": 152
        }
      },
      "10": {
        "start": {
          "line": 36,
          "column": 4
        },
        "end": {
          "line": 40,
          "column": 7
        }
      },
      "11": {
        "start": {
          "line": 37,
          "column": 6
        },
        "end": {
          "line": 37,
          "column": 31
        }
      },
      "12": {
        "start": {
          "line": 37,
          "column": 24
        },
        "end": {
          "line": 37,
          "column": 31
        }
      },
      "13": {
        "start": {
          "line": 38,
          "column": 32
        },
        "end": {
          "line": 38,
          "column": 201
        }
      },
      "14": {
        "start": {
          "line": 39,
          "column": 6
        },
        "end": {
          "line": 39,
          "column": 75
        }
      },
      "15": {
        "start": {
          "line": 39,
          "column": 29
        },
        "end": {
          "line": 39,
          "column": 75
        }
      },
      "16": {
        "start": {
          "line": 44,
          "column": 2
        },
        "end": {
          "line": 44,
          "column": 131
        }
      },
      "17": {
        "start": {
          "line": 47,
          "column": 2
        },
        "end": {
          "line": 47,
          "column": 62
        }
      }
    },
    "fnMap": {
      "0": {
        "name": "(anonymous_0)",
        "decl": {
          "start": {
            "line": 4,
            "column": 17
          },
          "end": {
            "line": 4,
            "column": 18
          }
        },
        "loc": {
          "start": {
            "line": 4,
            "column": 58
          },
          "end": {
            "line": 21,
            "column": 1
          }
        },
        "line": 4
      },
      "1": {
        "name": "(anonymous_1)",
        "decl": {
          "start": {
            "line": 34,
            "column": 52
          },
          "end": {
            "line": 34,
            "column": 53
          }
        },
        "loc": {
          "start": {
            "line": 34,
            "column": 72
          },
          "end": {
            "line": 41,
            "column": 3
          }
        },
        "line": 34
      },
      "2": {
        "name": "(anonymous_2)",
        "decl": {
          "start": {
            "line": 36,
            "column": 27
          },
          "end": {
            "line": 36,
            "column": 28
          }
        },
        "loc": {
          "start": {
            "line": 36,
            "column": 44
          },
          "end": {
            "line": 40,
            "column": 5
          }
        },
        "line": 36
      },
      "3": {
        "name": "$RefreshReg$",
        "decl": {
          "start": {
            "line": 43,
            "column": 9
          },
          "end": {
            "line": 43,
            "column": 21
          }
        },
        "loc": {
          "start": {
            "line": 43,
            "column": 32
          },
          "end": {
            "line": 45,
            "column": 1
          }
        },
        "line": 43
      },
      "4": {
        "name": "$RefreshSig$",
        "decl": {
          "start": {
            "line": 46,
            "column": 9
          },
          "end": {
            "line": 46,
            "column": 21
          }
        },
        "loc": {
          "start": {
            "line": 46,
            "column": 24
          },
          "end": {
            "line": 48,
            "column": 1
          }
        },
        "line": 46
      }
    },
    "branchMap": {
      "0": {
        "loc": {
          "start": {
            "line": 8,
            "column": 39
          },
          "end": {
            "line": 8,
            "column": 54
          }
        },
        "type": "binary-expr",
        "locations": [
          {
            "start": {
              "line": 8,
              "column": 39
            },
            "end": {
              "line": 8,
              "column": 48
            }
          },
          {
            "start": {
              "line": 8,
              "column": 52
            },
            "end": {
              "line": 8,
              "column": 54
            }
          }
        ],
        "line": 8
      },
      "1": {
        "loc": {
          "start": {
            "line": 27,
            "column": 20
          },
          "end": {
            "line": 27,
            "column": 97
          }
        },
        "type": "binary-expr",
        "locations": [
          {
            "start": {
              "line": 27,
              "column": 20
            },
            "end": {
              "line": 27,
              "column": 60
            }
          },
          {
            "start": {
              "line": 27,
              "column": 64
            },
            "end": {
              "line": 27,
              "column": 97
            }
          }
        ],
        "line": 27
      },
      "2": {
        "loc": {
          "start": {
            "line": 28,
            "column": 0
          },
          "end": {
            "line": 42,
            "column": 1
          }
        },
        "type": "if",
        "locations": [
          {
            "start": {
              "line": 28,
              "column": 0
            },
            "end": {
              "line": 42,
              "column": 1
            }
          },
          {
            "start": {},
            "end": {}
          }
        ],
        "line": 28
      },
      "3": {
        "loc": {
          "start": {
            "line": 28,
            "column": 4
          },
          "end": {
            "line": 28,
            "column": 35
          }
        },
        "type": "binary-expr",
        "locations": [
          {
            "start": {
              "line": 28,
              "column": 4
            },
            "end": {
              "line": 28,
              "column": 19
            }
          },
          {
            "start": {
              "line": 28,
              "column": 23
            },
            "end": {
              "line": 28,
              "column": 35
            }
          }
        ],
        "line": 28
      },
      "4": {
        "loc": {
          "start": {
            "line": 29,
            "column": 2
          },
          "end": {
            "line": 33,
            "column": 3
          }
        },
        "type": "if",
        "locations": [
          {
            "start": {
              "line": 29,
              "column": 2
            },
            "end": {
              "line": 33,
              "column": 3
            }
          },
          {
            "start": {},
            "end": {}
          }
        ],
        "line": 29
      },
      "5": {
        "loc": {
          "start": {
            "line": 37,
            "column": 6
          },
          "end": {
            "line": 37,
            "column": 31
          }
        },
        "type": "if",
        "locations": [
          {
            "start": {
              "line": 37,
              "column": 6
            },
            "end": {
              "line": 37,
              "column": 31
            }
          },
          {
            "start": {},
            "end": {}
          }
        ],
        "line": 37
      },
      "6": {
        "loc": {
          "start": {
            "line": 39,
            "column": 6
          },
          "end": {
            "line": 39,
            "column": 75
          }
        },
        "type": "if",
        "locations": [
          {
            "start": {
              "line": 39,
              "column": 6
            },
            "end": {
              "line": 39,
              "column": 75
            }
          },
          {
            "start": {},
            "end": {}
          }
        ],
        "line": 39
      }
    },
    "s": {
      "0": 2,
      "1": 0,
      "2": 2,
      "3": 2,
      "4": 2,
      "5": 2,
      "6": 2,
      "7": 0,
      "8": 2,
      "9": 2,
      "10": 2,
      "11": 0,
      "12": 0,
      "13": 0,
      "14": 0,
      "15": 0,
      "16": 2,
      "17": 0
    },
    "f": {
      "0": 0,
      "1": 2,
      "2": 0,
      "3": 2,
      "4": 0
    },
    "b": {
      "0": [
        0,
        0
      ],
      "1": [
        2,
        0
      ],
      "2": [
        2,
        0
      ],
      "3": [
        2,
        2
      ],
      "4": [
        0,
        2
      ],
      "5": [
        0,
        0
      ],
      "6": [
        0,
        0
      ]
    },
    "inputSourceMap": {
      "version": 3,
      "mappings": "AAKI;AALJ,OAAOA,WAAW;AAClB,OAAOC,YAAY;AAEnB,MAAMC,WAAWA,CAAC,EAAEC,aAAaC,WAAW,GAAGC,KAAK,MAAM;AACxD,SACE;AAAA,IAAC;AAAA;AAAA,MACC,WAAW,GAAGJ,OAAOK,QAAQ,IAAIF,aAAa,EAAE;AAAA,MAChD;AAAA,MACA,GAAIC;AAAAA;AAAAA,IAHN;AAAA;AAAA;AAAA;AAAA;AAAA;AAAA;AAAA;AAAA,EAGW;AAGf;AAAEE,KARIL;AAUN,eAAeA;AAAS,IAAAK;AAAAC,aAAAD,IAAA",
      "names": [
        "React",
        "styles",
        "TextArea",
        "placeholder",
        "className",
        "rest",
        "textArea",
        "_c",
        "$RefreshReg$"
      ],
      "ignoreList": [],
      "sources": [
        "C:/Users/gabod/OneDrive/Desktop/LanGo_web/LanGo/src/components/common/TextArea.jsx"
      ],
      "file": "C:/Users/gabod/OneDrive/Desktop/LanGo_web/LanGo/src/components/common/TextArea.jsx"
    },
    "_coverageSchema": "1a1c01bbd47fc00a2c39e90264f33305004495a9",
    "hash": "c8ac86ba88516fe70435b252d69486fffcbcfda2"
  },
  "C:/Users/gabod/OneDrive/Desktop/LanGo_web/LanGo/src/components/common/TextArea.cy.jsx": {
    "path": "C:/Users/gabod/OneDrive/Desktop/LanGo_web/LanGo/src/components/common/TextArea.cy.jsx",
    "statementMap": {
      "0": {
        "start": {
          "line": 5,
          "column": 0
        },
        "end": {
          "line": 7,
          "column": 4
        }
      },
      "1": {
        "start": {
          "line": 5,
          "column": 42
        },
        "end": {
          "line": 7,
          "column": 1
        }
      },
      "2": {
        "start": {
          "line": 8,
          "column": 0
        },
        "end": {
          "line": 61,
          "column": 3
        }
      },
      "3": {
        "start": {
          "line": 9,
          "column": 2
        },
        "end": {
          "line": 16,
          "column": 5
        }
      },
      "4": {
        "start": {
          "line": 10,
          "column": 4
        },
        "end": {
          "line": 14,
          "column": 14
        }
      },
      "5": {
        "start": {
          "line": 15,
          "column": 4
        },
        "end": {
          "line": 15,
          "column": 60
        }
      },
      "6": {
        "start": {
          "line": 17,
          "column": 2
        },
        "end": {
          "line": 25,
          "column": 5
        }
      },
      "7": {
        "start": {
          "line": 18,
          "column": 28
        },
        "end": {
          "line": 18,
          "column": 55
        }
      },
      "8": {
        "start": {
          "line": 19,
          "column": 4
        },
        "end": {
          "line": 23,
          "column": 14
        }
      },
      "9": {
        "start": {
          "line": 24,
          "column": 4
        },
        "end": {
          "line": 24,
          "column": 77
        }
      },
      "10": {
        "start": {
          "line": 26,
          "column": 2
        },
        "end": {
          "line": 38,
          "column": 5
        }
      },
      "11": {
        "start": {
          "line": 27,
          "column": 24
        },
        "end": {
          "line": 27,
          "column": 47
        }
      },
      "12": {
        "start": {
          "line": 28,
          "column": 4
        },
        "end": {
          "line": 32,
          "column": 14
        }
      },
      "13": {
        "start": {
          "line": 33,
          "column": 21
        },
        "end": {
          "line": 33,
          "column": 48
        }
      },
      "14": {
        "start": {
          "line": 34,
          "column": 4
        },
        "end": {
          "line": 34,
          "column": 58
        }
      },
      "15": {
        "start": {
          "line": 35,
          "column": 4
        },
        "end": {
          "line": 35,
          "column": 46
        }
      },
      "16": {
        "start": {
          "line": 36,
          "column": 4
        },
        "end": {
          "line": 36,
          "column": 66
        }
      },
      "17": {
        "start": {
          "line": 37,
          "column": 4
        },
        "end": {
          "line": 37,
          "column": 54
        }
      },
      "18": {
        "start": {
          "line": 39,
          "column": 2
        },
        "end": {
          "line": 48,
          "column": 5
        }
      },
      "19": {
        "start": {
          "line": 40,
          "column": 4
        },
        "end": {
          "line": 44,
          "column": 14
        }
      },
      "20": {
        "start": {
          "line": 45,
          "column": 21
        },
        "end": {
          "line": 45,
          "column": 54
        }
      },
      "21": {
        "start": {
          "line": 46,
          "column": 4
        },
        "end": {
          "line": 46,
          "column": 50
        }
      },
      "22": {
        "start": {
          "line": 47,
          "column": 4
        },
        "end": {
          "line": 47,
          "column": 57
        }
      },
      "23": {
        "start": {
          "line": 49,
          "column": 2
        },
        "end": {
          "line": 60,
          "column": 5
        }
      },
      "24": {
        "start": {
          "line": 50,
          "column": 25
        },
        "end": {
          "line": 50,
          "column": 34
        }
      },
      "25": {
        "start": {
          "line": 51,
          "column": 20
        },
        "end": {
          "line": 51,
          "column": 37
        }
      },
      "26": {
        "start": {
          "line": 52,
          "column": 4
        },
        "end": {
          "line": 56,
          "column": 14
        }
      },
      "27": {
        "start": {
          "line": 57,
          "column": 21
        },
        "end": {
          "line": 57,
          "column": 48
        }
      },
      "28": {
        "start": {
          "line": 58,
          "column": 4
        },
        "end": {
          "line": 58,
          "column": 63
        }
      },
      "29": {
        "start": {
          "line": 59,
          "column": 4
        },
        "end": {
          "line": 59,
          "column": 50
        }
      }
    },
    "fnMap": {
      "0": {
        "name": "(anonymous_0)",
        "decl": {
          "start": {
            "line": 5,
            "column": 35
          },
          "end": {
            "line": 5,
            "column": 36
          }
        },
        "loc": {
          "start": {
            "line": 5,
            "column": 42
          },
          "end": {
            "line": 7,
            "column": 1
          }
        },
        "line": 5
      },
      "1": {
        "name": "(anonymous_1)",
        "decl": {
          "start": {
            "line": 8,
            "column": 31
          },
          "end": {
            "line": 8,
            "column": 32
          }
        },
        "loc": {
          "start": {
            "line": 8,
            "column": 37
          },
          "end": {
            "line": 61,
            "column": 1
          }
        },
        "line": 8
      },
      "2": {
        "name": "(anonymous_2)",
        "decl": {
          "start": {
            "line": 9,
            "column": 34
          },
          "end": {
            "line": 9,
            "column": 35
          }
        },
        "loc": {
          "start": {
            "line": 9,
            "column": 40
          },
          "end": {
            "line": 16,
            "column": 3
          }
        },
        "line": 9
      },
      "3": {
        "name": "(anonymous_3)",
        "decl": {
          "start": {
            "line": 17,
            "column": 39
          },
          "end": {
            "line": 17,
            "column": 40
          }
        },
        "loc": {
          "start": {
            "line": 17,
            "column": 45
          },
          "end": {
            "line": 25,
            "column": 3
          }
        },
        "line": 17
      },
      "4": {
        "name": "(anonymous_4)",
        "decl": {
          "start": {
            "line": 26,
            "column": 64
          },
          "end": {
            "line": 26,
            "column": 65
          }
        },
        "loc": {
          "start": {
            "line": 26,
            "column": 70
          },
          "end": {
            "line": 38,
            "column": 3
          }
        },
        "line": 26
      },
      "5": {
        "name": "(anonymous_5)",
        "decl": {
          "start": {
            "line": 39,
            "column": 78
          },
          "end": {
            "line": 39,
            "column": 79
          }
        },
        "loc": {
          "start": {
            "line": 39,
            "column": 84
          },
          "end": {
            "line": 48,
            "column": 3
          }
        },
        "line": 39
      },
      "6": {
        "name": "(anonymous_6)",
        "decl": {
          "start": {
            "line": 49,
            "column": 47
          },
          "end": {
            "line": 49,
            "column": 48
          }
        },
        "loc": {
          "start": {
            "line": 49,
            "column": 53
          },
          "end": {
            "line": 60,
            "column": 3
          }
        },
        "line": 49
      }
    },
    "branchMap": {},
    "s": {
      "0": 2,
      "1": 0,
      "2": 0,
      "3": 0,
      "4": 0,
      "5": 0,
      "6": 0,
      "7": 0,
      "8": 0,
      "9": 0,
      "10": 0,
      "11": 0,
      "12": 0,
      "13": 0,
      "14": 0,
      "15": 0,
      "16": 0,
      "17": 0,
      "18": 0,
      "19": 0,
      "20": 0,
      "21": 0,
      "22": 0,
      "23": 0,
      "24": 0,
      "25": 0,
      "26": 0,
      "27": 0,
      "28": 0,
      "29": 0
    },
    "f": {
      "0": 0,
      "1": 0,
      "2": 0,
      "3": 0,
      "4": 0,
      "5": 0,
      "6": 0
    },
    "b": {},
    "inputSourceMap": {
      "version": 3,
      "mappings": "AAcW;AAdX,OAAOA,WAAW;AAClB,SAASC,QAAQC,QAAQC,iBAAiB;AAC1C,OAAOC,cAAc;AAIrBC,KAAKC,KAAK,yBAAyB,OAAO;AAAA,EACxCC,UAAU;AACZ,EAAE;AAEFC,SAAS,sBAAsB,MAAM;AAGnCC,OAAK,2BAA2B,MAAM;AACpCR,WAAO,uBAAC,cAAD;AAAA;AAAA;AAAA;AAAA,WAAS,CAAG;AAEnBS,WAAOR,OAAOS,UAAU,SAAS,CAAC,EAAEC,kBAAkB;AAAA,EACxD,CAAC;AAGDH,OAAK,gCAAgC,MAAM;AACzC,UAAMI,kBAAkB;AACxBZ,WAAO,uBAAC,YAAS,aAAaY,mBAAvB;AAAA;AAAA;AAAA;AAAA,WAAuC,CAAG;AAEjDH,WAAOR,OAAOY,qBAAqBD,eAAe,CAAC,EAAED,kBAAkB;AAAA,EACzE,CAAC;AAGDH,OAAK,yDAAyD,MAAM;AAClE,UAAMM,cAAc;AACpBd,WAAO,uBAAC,YAAS,WAAWc,eAArB;AAAA;AAAA;AAAA;AAAA,WAAiC,CAAG;AAE3C,UAAMC,WAAWd,OAAOS,UAAU,SAAS;AAE3CD,WAAOM,QAAQ,EAAEC,YAAY,uBAAuB;AACpDP,WAAOM,QAAQ,EAAEC,YAAYF,WAAW;AAExCL,WAAOM,SAASE,SAAS,EAAEC,UAAU,uBAAuB;AAC5DT,WAAOM,SAASE,SAAS,EAAEC,UAAUJ,WAAW;AAAA,EAClD,CAAC;AAGDN,OAAK,uEAAuE,MAAM;AAChFR,WAAO,uBAAC,YAAS,eAAY,eAAc,MAAM,GAAG,IAAG,gBAAhD;AAAA;AAAA;AAAA;AAAA,WAA4D,CAAG;AAEtE,UAAMe,WAAWd,OAAOkB,YAAY,aAAa;AAGjDV,WAAOM,QAAQ,EAAEK,gBAAgB,QAAQ,GAAG;AAE5CX,WAAOM,QAAQ,EAAEK,gBAAgB,MAAM,YAAY;AAAA,EACrD,CAAC;AAGDZ,OAAK,wCAAwC,MAAM;AACjD,UAAMa,eAAejB,KAAKkB,GAAG;AAC7B,UAAMC,UAAU;AAEhBvB,WAAO,uBAAC,YAAS,UAAUqB,gBAApB;AAAA;AAAA;AAAA;AAAA,WAAiC,CAAG;AAE3C,UAAMN,WAAWd,OAAOS,UAAU,SAAS;AAG3CR,cAAUsB,OAAOT,UAAU,EAAEU,QAAQ,EAAEC,OAAOH,QAAQ,EAAE,CAAC;AAGzDd,WAAOY,YAAY,EAAEM,sBAAsB,CAAC;AAAA,EAO9C,CAAC;AACH,CAAC",
      "names": [
        "React",
        "render",
        "screen",
        "fireEvent",
        "TextArea",
        "jest",
        "mock",
        "textArea",
        "describe",
        "test",
        "expect",
        "getByRole",
        "toBeInTheDocument",
        "placeholderText",
        "getByPlaceholderText",
        "customClass",
        "textarea",
        "toHaveClass",
        "className",
        "toContain",
        "getByTestId",
        "toHaveAttribute",
        "handleChange",
        "fn",
        "newText",
        "change",
        "target",
        "value",
        "toHaveBeenCalledTimes"
      ],
      "ignoreList": [],
      "sources": [
        "C:/Users/gabod/OneDrive/Desktop/LanGo_web/LanGo/src/components/common/TextArea.cy.jsx"
      ],
      "file": "C:/Users/gabod/OneDrive/Desktop/LanGo_web/LanGo/src/components/common/TextArea.cy.jsx"
    },
    "_coverageSchema": "1a1c01bbd47fc00a2c39e90264f33305004495a9",
    "hash": "8124675ca03e0338bb2e3b25c0d29678e87f1299"
  }
}